2024-12-24 10:16:50 [INFO] Request sent successfully
2024-12-24 10:16:50 [INFO] Bytes received: 17
2024-12-24 10:16:50 [INFO] Bytes received: 17
2024-12-24 10:16:50 [INFO] Bytes received: 17
2024-12-24 10:16:50 [INFO] Bytes received: 17
2024-12-24 10:16:50 [INFO] Bytes received: 17
2024-12-24 10:16:50 [INFO] Bytes received: 17
2024-12-24 10:16:50 [INFO] Bytes received: 17
2024-12-24 10:16:50 [INFO] Bytes received: 17
2024-12-24 10:16:50 [INFO] Bytes received: 17
2024-12-24 10:16:50 [INFO] Bytes received: 17
2024-12-24 10:16:50 [INFO] Connection closed by server
2024-12-24 10:16:50 [INFO] The size of the out queue 17
2024-12-24 10:16:50 [INFO] The size of the out queue 17
2024-12-24 10:16:50 [INFO] The size of the out queue 17
2024-12-24 10:16:50 [INFO] The size of the out queue 17
2024-12-24 10:16:50 [INFO] The size of the out queue 17
2024-12-24 10:16:50 [INFO] The size of the out queue 17
2024-12-24 10:16:50 [INFO] The size of the out queue 17
2024-12-24 10:16:50 [INFO] The size of the out queue 17
2024-12-24 10:16:50 [INFO] The size of the out queue 17
2024-12-24 10:16:50 [INFO] The size of the out queue 17
2024-12-24 10:16:50 [INFO] Request sent successfully
2024-12-24 10:16:50 [INFO] Bytes received for packet specific: 17
2024-12-24 10:16:50 [INFO] Request sent successfully
2024-12-24 10:16:50 [INFO] Bytes received for packet specific: 17
2024-12-24 10:16:50 [INFO] Request sent successfully
2024-12-24 10:16:50 [INFO] Bytes received for packet specific: 17
2024-12-24 10:16:50 [INFO] Request sent successfully
2024-12-24 10:16:50 [INFO] Bytes received for packet specific: 17
2024-12-24 10:16:50 [INFO] JSON saved to market_data.json
2024-12-24 10:19:15 [INFO] Request sent successfully
2024-12-24 10:19:15 [INFO] Bytes received: 17
2024-12-24 10:19:15 [INFO] Bytes received: 17
2024-12-24 10:19:15 [INFO] Bytes received: 17
2024-12-24 10:19:15 [INFO] Bytes received: 17
2024-12-24 10:19:15 [INFO] Bytes received: 17
2024-12-24 10:19:15 [INFO] Bytes received: 17
2024-12-24 10:19:15 [INFO] Bytes received: 17
2024-12-24 10:19:15 [INFO] Bytes received: 17
2024-12-24 10:19:15 [INFO] Bytes received: 17
2024-12-24 10:19:15 [INFO] Connection closed by server
2024-12-24 10:19:15 [INFO] The size of the out queue 17
2024-12-24 10:19:15 [INFO] The size of the out queue 17
2024-12-24 10:19:15 [INFO] The size of the out queue 17
2024-12-24 10:19:15 [INFO] The size of the out queue 17
2024-12-24 10:19:15 [INFO] The size of the out queue 17
2024-12-24 10:19:15 [INFO] The size of the out queue 17
2024-12-24 10:19:15 [INFO] The size of the out queue 17
2024-12-24 10:19:15 [INFO] The size of the out queue 17
2024-12-24 10:19:15 [INFO] The size of the out queue 17
2024-12-24 10:19:15 [INFO] Request sent successfully
2024-12-24 10:19:15 [INFO] Bytes received for packet specific: 17
2024-12-24 10:19:15 [INFO] Request sent successfully
2024-12-24 10:19:15 [INFO] Bytes received for packet specific: 17
2024-12-24 10:19:15 [INFO] Request sent successfully
2024-12-24 10:19:15 [INFO] Bytes received for packet specific: 17
2024-12-24 10:19:15 [INFO] JSON saved to market_data.json
2024-12-24 10:19:54 [INFO] Request sent successfully
2024-12-24 10:19:54 [INFO] Bytes received: 17
2024-12-24 10:19:54 [INFO] Bytes received: 51
2024-12-24 10:19:54 [INFO] Bytes received: 17
2024-12-24 10:19:54 [INFO] Bytes received: 17
2024-12-24 10:19:54 [INFO] Bytes received: 17
2024-12-24 10:19:54 [INFO] Bytes received: 17
2024-12-24 10:19:54 [INFO] Connection closed by server
2024-12-24 10:19:54 [INFO] The size of the out queue 17
2024-12-24 10:19:54 [INFO] The size of the out queue 51
2024-12-24 11:12:01 [INFO] Request sent successfully
2024-12-24 11:12:01 [INFO] Bytes received: 17
2024-12-24 11:12:01 [INFO] Bytes received: 17
2024-12-24 11:12:01 [INFO] Bytes received: 17
2024-12-24 11:12:01 [INFO] Bytes received: 17
2024-12-24 11:12:01 [INFO] Bytes received: 17
2024-12-24 11:12:01 [INFO] Bytes received: 17
2024-12-24 11:12:01 [INFO] Bytes received: 17
2024-12-24 11:12:01 [INFO] Connection closed by server
2024-12-24 11:12:01 [INFO] The size of the out queue 17
2024-12-24 11:12:01 [INFO] The size of the out queue 17
2024-12-24 11:12:01 [INFO] The size of the out queue 17
2024-12-24 11:12:01 [INFO] The size of the out queue 17
2024-12-24 11:12:01 [INFO] The size of the out queue 17
2024-12-24 11:12:01 [INFO] The size of the out queue 17
2024-12-24 11:12:01 [INFO] The size of the out queue 17
2024-12-24 11:12:01 [INFO] Request sent successfully
2024-12-24 11:12:01 [INFO] Bytes received for packet specific: 17
2024-12-24 11:12:01 [INFO] Request sent successfully
2024-12-24 11:12:01 [INFO] Bytes received for packet specific: 17
2024-12-24 11:12:01 [INFO] Request sent successfully
2024-12-24 11:12:01 [INFO] Bytes received for packet specific: 17
2024-12-24 11:12:01 [INFO] Request sent successfully
2024-12-24 11:12:01 [INFO] Bytes received for packet specific: 17
2024-12-24 11:12:01 [INFO] Request sent successfully
2024-12-24 11:12:01 [INFO] Bytes received for packet specific: 17
2024-12-24 11:12:01 [INFO] JSON saved to market_data.json
2024-12-24 11:12:36 [INFO] Request sent successfully
2024-12-24 11:12:36 [INFO] Bytes received: 17
2024-12-24 11:12:36 [INFO] Bytes received: 85
2024-12-24 11:12:36 [INFO] Bytes received: 17
2024-12-24 11:12:36 [INFO] Bytes received: 17
2024-12-24 11:12:36 [INFO] Bytes received: 17
2024-12-24 11:12:36 [INFO] Bytes received: 17
2024-12-24 11:12:36 [INFO] Connection closed by server
2024-12-24 11:12:36 [INFO] The size of the out queue 17
2024-12-24 11:12:36 [INFO] The size of the out queue 85
2024-12-24 11:12:36 [INFO] The size of the out queue 17
2024-12-24 11:12:36 [INFO] The size of the out queue 17
2024-12-24 11:12:36 [INFO] The size of the out queue 17
2024-12-24 11:12:36 [INFO] The size of the out queue 17
2024-12-24 11:12:36 [INFO] Request sent successfully
2024-12-24 11:12:36 [INFO] Bytes received for packet specific: 17
2024-12-24 11:12:36 [INFO] Request sent successfully
2024-12-24 11:12:36 [INFO] Bytes received for packet specific: 17
2024-12-24 11:12:36 [INFO] Request sent successfully
2024-12-24 11:12:36 [INFO] Bytes received for packet specific: 17
2024-12-24 11:12:36 [INFO] JSON saved to market_data.json
2024-12-24 11:13:31 [ERROR] Connection to the server failed
2024-12-24 11:13:52 [INFO] Request sent successfully
2024-12-24 11:13:52 [INFO] Bytes received: 17
2024-12-24 11:13:52 [INFO] Bytes received: 17
2024-12-24 11:13:52 [INFO] Bytes received: 17
2024-12-24 11:13:52 [INFO] Bytes received: 17
2024-12-24 11:13:52 [INFO] Bytes received: 17
2024-12-24 11:13:52 [INFO] Bytes received: 17
2024-12-24 11:13:52 [INFO] Bytes received: 17
2024-12-24 11:13:52 [INFO] Bytes received: 17
2024-12-24 11:13:52 [INFO] Connection closed by server
2024-12-24 11:13:52 [INFO] The size of the out queue 17
2024-12-24 11:13:52 [INFO] The size of the out queue 17
2024-12-24 11:13:52 [INFO] The size of the out queue 17
2024-12-24 11:13:52 [INFO] The size of the out queue 17
2024-12-24 11:13:52 [INFO] The size of the out queue 17
2024-12-24 11:13:52 [INFO] The size of the out queue 17
2024-12-24 11:13:52 [INFO] The size of the out queue 17
2024-12-24 11:13:52 [INFO] The size of the out queue 17
2024-12-24 11:13:52 [INFO] Request sent successfully
2024-12-24 11:13:52 [INFO] Bytes received for packet specific: 17
2024-12-24 11:13:52 [INFO] Request sent successfully
2024-12-24 11:13:52 [INFO] Bytes received for packet specific: 17
2024-12-24 11:13:52 [INFO] Request sent successfully
2024-12-24 11:13:52 [INFO] Bytes received for packet specific: 17
2024-12-24 11:13:52 [INFO] Request sent successfully
2024-12-24 11:13:52 [INFO] Bytes received for packet specific: 17
2024-12-24 11:13:52 [INFO] JSON saved to market_data.json
2024-12-24 11:14:19 [INFO] Request sent successfully
2024-12-24 11:14:19 [INFO] Bytes received: 17
2024-12-24 11:14:19 [INFO] Bytes received: 17
2024-12-24 11:14:19 [INFO] Bytes received: 17
2024-12-24 11:14:19 [INFO] Bytes received: 17
2024-12-24 11:14:19 [INFO] Bytes received: 17
2024-12-24 11:14:19 [INFO] Bytes received: 17
2024-12-24 11:14:19 [INFO] Bytes received: 17
2024-12-24 11:14:19 [INFO] Bytes received: 17
2024-12-24 11:14:19 [INFO] Bytes received: 17
2024-12-24 11:14:19 [INFO] Bytes received: 17
2024-12-24 11:14:19 [INFO] Connection closed by server
2024-12-24 11:14:19 [INFO] The size of the out queue 17
2024-12-24 11:14:19 [INFO] The size of the out queue 17
2024-12-24 11:14:19 [INFO] The size of the out queue 17
2024-12-24 11:14:19 [INFO] The size of the out queue 17
2024-12-24 11:14:19 [INFO] The size of the out queue 17
2024-12-24 11:14:19 [INFO] The size of the out queue 17
2024-12-24 11:14:19 [INFO] The size of the out queue 17
2024-12-24 11:14:19 [INFO] The size of the out queue 17
2024-12-24 11:14:19 [INFO] The size of the out queue 17
2024-12-24 11:14:19 [INFO] The size of the out queue 17
2024-12-24 11:14:19 [INFO] Request sent successfully
2024-12-24 11:14:19 [INFO] Bytes received for packet specific: 17
2024-12-24 11:14:19 [INFO] Request sent successfully
2024-12-24 11:14:19 [INFO] Bytes received for packet specific: 17
2024-12-24 11:14:19 [INFO] Request sent successfully
2024-12-24 11:14:19 [INFO] Bytes received for packet specific: 17
2024-12-24 11:14:19 [INFO] JSON saved to market_data.json
2024-12-24 11:14:37 [INFO] Request sent successfully
2024-12-24 11:14:37 [INFO] Bytes received: 17
2024-12-24 11:14:37 [INFO] Bytes received: 34
2024-12-24 11:14:37 [INFO] Bytes received: 17
2024-12-24 11:14:37 [INFO] Bytes received: 17
2024-12-24 11:14:37 [INFO] Bytes received: 17
2024-12-24 11:14:37 [INFO] Bytes received: 17
2024-12-24 11:14:37 [INFO] Bytes received: 34
2024-12-24 11:14:37 [INFO] Bytes received: 17
2024-12-24 11:14:37 [INFO] Bytes received: 17
2024-12-24 11:14:37 [INFO] Bytes received: 17
2024-12-24 11:14:37 [INFO] Connection closed by server
2024-12-24 11:14:37 [INFO] The size of the out queue 17
2024-12-24 11:14:37 [INFO] The size of the out queue 34
2024-12-24 11:14:37 [INFO] The size of the out queue 17
2024-12-24 11:14:37 [INFO] The size of the out queue 17
2024-12-24 11:14:37 [INFO] The size of the out queue 17
2024-12-24 11:14:37 [INFO] The size of the out queue 17
2024-12-24 11:14:37 [INFO] The size of the out queue 34
2024-12-24 11:14:37 [INFO] The size of the out queue 17
2024-12-24 11:14:37 [INFO] The size of the out queue 17
2024-12-24 11:14:37 [INFO] The size of the out queue 17
2024-12-24 11:14:37 [INFO] Request sent successfully
2024-12-24 11:14:37 [INFO] Bytes received for packet specific: 17
2024-12-24 11:14:37 [INFO] Request sent successfully
2024-12-24 11:14:37 [INFO] Bytes received for packet specific: 17
2024-12-24 11:14:37 [INFO] JSON saved to market_data.json
2024-12-24 11:22:28 [INFO] Request sent successfully
2024-12-24 11:22:28 [INFO] Bytes received: 17
2024-12-24 11:22:28 [INFO] Bytes received: 34
2024-12-24 11:22:28 [INFO] Bytes received: 17
2024-12-24 11:22:28 [INFO] Bytes received: 17
2024-12-24 11:22:28 [INFO] Bytes received: 17
2024-12-24 11:22:28 [INFO] Bytes received: 17
2024-12-24 11:22:28 [INFO] Bytes received: 17
2024-12-24 11:22:28 [INFO] Bytes received: 17
2024-12-24 11:22:28 [INFO] Bytes received: 17
2024-12-24 11:22:28 [INFO] Bytes received: 17
2024-12-24 11:22:28 [INFO] Bytes received: 17
2024-12-24 11:22:28 [INFO] Connection closed by server
2024-12-24 11:22:28 [INFO] The size of the out queue 17
2024-12-24 11:22:28 [INFO] The size of the out queue 34
2024-12-24 11:22:28 [INFO] The size of the out queue 17
2024-12-24 11:22:28 [INFO] The size of the out queue 17
2024-12-24 11:22:28 [INFO] The size of the out queue 17
2024-12-24 11:22:28 [INFO] The size of the out queue 17
2024-12-24 11:22:28 [INFO] The size of the out queue 17
2024-12-24 11:22:28 [INFO] The size of the out queue 17
2024-12-24 11:22:28 [INFO] The size of the out queue 17
2024-12-24 11:22:28 [INFO] The size of the out queue 17
2024-12-24 11:22:28 [INFO] The size of the out queue 17
2024-12-24 11:22:28 [INFO] Request sent successfully
2024-12-24 11:22:28 [INFO] Bytes received for packet specific: 17
2024-12-24 11:22:28 [INFO] Request sent successfully
2024-12-24 11:22:28 [INFO] Bytes received for packet specific: 17
2024-12-24 11:22:28 [INFO] JSON saved to market_data.json
2024-12-24 11:26:46 [INFO] Request sent successfully
2024-12-24 11:26:46 [INFO] Bytes received: 17
2024-12-24 11:32:06 [ERROR] Connection to the server failed
2024-12-24 11:32:23 [INFO] Request sent successfully
2024-12-24 11:32:23 [INFO] Bytes received: 17
2024-12-24 11:32:23 [INFO] Bytes received: 17
2024-12-24 11:32:23 [INFO] Bytes received: 17
2024-12-24 11:32:23 [INFO] Bytes received: 17
2024-12-24 11:32:23 [INFO] Bytes received: 17
2024-12-24 11:32:23 [INFO] Bytes received: 17
2024-12-24 11:32:23 [INFO] Bytes received: 17
2024-12-24 11:32:23 [INFO] The size of the out queue 17
2024-12-24 11:32:23 [INFO] The size of the out queue 17
2024-12-24 11:32:23 [INFO] The size of the out queue 17
2024-12-24 11:32:23 [INFO] The size of the out queue 17
2024-12-24 11:32:23 [INFO] The size of the out queue 17
2024-12-24 11:32:23 [INFO] The size of the out queue 17
2024-12-24 11:32:23 [INFO] The size of the out queue 17
2024-12-24 11:32:23 [INFO] Request sent successfully
2024-12-24 11:32:23 [INFO] Bytes received for packet specific: 17
2024-12-24 11:32:23 [INFO] Request sent successfully
2024-12-24 11:32:23 [INFO] Bytes received for packet specific: 17
2024-12-24 11:32:23 [INFO] Request sent successfully
2024-12-24 11:32:23 [INFO] Bytes received for packet specific: 17
2024-12-24 11:32:23 [INFO] Request sent successfully
2024-12-24 11:32:23 [INFO] Bytes received for packet specific: 17
2024-12-24 11:32:23 [INFO] Request sent successfully
2024-12-24 11:32:23 [INFO] Bytes received for packet specific: 17
2024-12-24 11:32:23 [INFO] Request sent successfully
2024-12-24 11:32:23 [INFO] Bytes received for packet specific: 17
2024-12-24 11:32:23 [INFO] Request sent successfully
2024-12-24 11:32:23 [INFO] Bytes received for packet specific: 17
2024-12-24 11:32:23 [INFO] JSON saved to market_data.json
2024-12-24 11:32:23 [INFO] Connection closed by server
2024-12-24 11:32:32 [INFO] Request sent successfully
2024-12-24 11:32:32 [INFO] Bytes received: 17
2024-12-24 11:32:32 [INFO] Bytes received: 34
2024-12-24 11:32:32 [INFO] Bytes received: 17
2024-12-24 11:32:32 [INFO] Bytes received: 17
2024-12-24 11:32:32 [INFO] Bytes received: 17
2024-12-24 11:32:32 [INFO] Bytes received: 17
2024-12-24 11:32:32 [INFO] Bytes received: 17
2024-12-24 11:32:32 [INFO] Bytes received: 17
2024-12-24 11:32:32 [INFO] Bytes received: 17
2024-12-24 11:32:32 [INFO] Bytes received: 17
2024-12-24 11:32:32 [INFO] Bytes received: 17
2024-12-24 11:32:32 [INFO] Bytes received: 17
2024-12-24 11:32:32 [INFO] The size of the out queue 17
2024-12-24 11:32:32 [INFO] The size of the out queue 34
2024-12-24 11:32:32 [INFO] The size of the out queue 17
2024-12-24 11:32:32 [INFO] The size of the out queue 17
2024-12-24 11:32:32 [INFO] The size of the out queue 17
2024-12-24 11:32:32 [INFO] The size of the out queue 17
2024-12-24 11:32:32 [INFO] The size of the out queue 17
2024-12-24 11:32:32 [INFO] The size of the out queue 17
2024-12-24 11:32:32 [INFO] The size of the out queue 17
2024-12-24 11:32:32 [INFO] The size of the out queue 17
2024-12-24 11:32:32 [INFO] The size of the out queue 17
2024-12-24 11:32:32 [INFO] The size of the out queue 17
2024-12-24 11:32:32 [INFO] Request sent successfully
2024-12-24 11:32:32 [INFO] Bytes received for packet specific: 17
2024-12-24 11:32:32 [INFO] JSON saved to market_data.json
2024-12-24 11:32:32 [INFO] Connection closed by server
2024-12-24 11:32:50 [INFO] Request sent successfully
2024-12-24 11:32:50 [INFO] Bytes received: 17
2024-12-24 11:32:50 [INFO] Bytes received: 51
2024-12-24 11:32:50 [INFO] Bytes received: 17
2024-12-24 11:32:50 [INFO] Bytes received: 17
2024-12-24 11:32:50 [INFO] Bytes received: 17
2024-12-24 11:32:50 [INFO] Bytes received: 17
2024-12-24 11:32:50 [INFO] Bytes received: 17
2024-12-24 11:32:50 [INFO] Bytes received: 17
2024-12-24 11:32:50 [INFO] Bytes received: 17
2024-12-24 11:32:50 [INFO] Bytes received: 17
2024-12-24 11:32:50 [INFO] The size of the out queue 17
2024-12-24 11:32:50 [INFO] The size of the out queue 51
2024-12-24 11:32:50 [INFO] The size of the out queue 17
2024-12-24 11:32:50 [INFO] The size of the out queue 17
2024-12-24 11:32:50 [INFO] The size of the out queue 17
2024-12-24 11:32:50 [INFO] The size of the out queue 17
2024-12-24 11:32:50 [INFO] The size of the out queue 17
2024-12-24 11:32:50 [INFO] The size of the out queue 17
2024-12-24 11:32:50 [INFO] The size of the out queue 17
2024-12-24 11:32:50 [INFO] The size of the out queue 17
2024-12-24 11:32:50 [INFO] Request sent successfully
2024-12-24 11:32:50 [INFO] Bytes received for packet specific: 17
2024-12-24 11:32:50 [INFO] Request sent successfully
2024-12-24 11:32:50 [INFO] Bytes received for packet specific: 17
2024-12-24 11:32:50 [INFO] JSON saved to market_data.json
2024-12-24 11:32:50 [INFO] Connection closed by server
2024-12-24 11:32:56 [INFO] Request sent successfully
2024-12-24 11:32:56 [INFO] Bytes received: 17
2024-12-24 11:32:56 [INFO] Bytes received: 17
2024-12-24 11:32:56 [INFO] Bytes received: 17
2024-12-24 11:32:56 [INFO] Bytes received: 17
2024-12-24 11:32:56 [INFO] Bytes received: 17
2024-12-24 11:32:56 [INFO] Bytes received: 17
2024-12-24 11:32:56 [INFO] Bytes received: 17
2024-12-24 11:32:56 [INFO] Bytes received: 17
2024-12-24 11:32:56 [INFO] Bytes received: 17
2024-12-24 11:32:56 [INFO] Bytes received: 17
2024-12-24 11:32:56 [INFO] Bytes received: 17
2024-12-24 11:32:56 [INFO] Bytes received: 17
2024-12-24 11:32:56 [INFO] The size of the out queue 17
2024-12-24 11:32:56 [INFO] The size of the out queue 17
2024-12-24 11:32:56 [INFO] The size of the out queue 17
2024-12-24 11:32:56 [INFO] The size of the out queue 17
2024-12-24 11:32:56 [INFO] The size of the out queue 17
2024-12-24 11:32:56 [INFO] The size of the out queue 17
2024-12-24 11:32:56 [INFO] The size of the out queue 17
2024-12-24 11:32:56 [INFO] The size of the out queue 17
2024-12-24 11:32:56 [INFO] The size of the out queue 17
2024-12-24 11:32:56 [INFO] The size of the out queue 17
2024-12-24 11:32:56 [INFO] The size of the out queue 17
2024-12-24 11:32:56 [INFO] The size of the out queue 17
2024-12-24 11:32:56 [INFO] Request sent successfully
2024-12-24 11:32:56 [INFO] Bytes received for packet specific: 17
2024-12-24 11:32:56 [INFO] Request sent successfully
2024-12-24 11:32:56 [INFO] Bytes received for packet specific: 17
2024-12-24 11:32:56 [INFO] JSON saved to market_data.json
2024-12-24 11:32:56 [INFO] Connection closed by server
2024-12-24 11:33:01 [INFO] Request sent successfully
2024-12-24 11:33:01 [INFO] Bytes received: 17
2024-12-24 11:33:01 [INFO] Bytes received: 34
2024-12-24 11:33:01 [INFO] Bytes received: 17
2024-12-24 11:33:01 [INFO] Bytes received: 17
2024-12-24 11:33:01 [INFO] Bytes received: 17
2024-12-24 11:33:01 [INFO] Bytes received: 17
2024-12-24 11:33:01 [INFO] Bytes received: 17
2024-12-24 11:33:01 [INFO] Bytes received: 17
2024-12-24 11:33:01 [INFO] Bytes received: 17
2024-12-24 11:33:01 [INFO] Bytes received: 17
2024-12-24 11:33:01 [INFO] Bytes received: 17
2024-12-24 11:33:01 [INFO] Bytes received: 17
2024-12-24 11:33:01 [INFO] The size of the out queue 17
2024-12-24 11:33:01 [INFO] The size of the out queue 34
2024-12-24 11:33:01 [INFO] The size of the out queue 17
2024-12-24 11:33:01 [INFO] The size of the out queue 17
2024-12-24 11:33:01 [INFO] The size of the out queue 17
2024-12-24 11:33:01 [INFO] The size of the out queue 17
2024-12-24 11:33:01 [INFO] The size of the out queue 17
2024-12-24 11:33:01 [INFO] The size of the out queue 17
2024-12-24 11:33:01 [INFO] The size of the out queue 17
2024-12-24 11:33:01 [INFO] The size of the out queue 17
2024-12-24 11:33:01 [INFO] The size of the out queue 17
2024-12-24 11:33:01 [INFO] The size of the out queue 17
2024-12-24 11:33:01 [INFO] Request sent successfully
2024-12-24 11:33:01 [INFO] Bytes received for packet specific: 17
2024-12-24 11:33:01 [INFO] JSON saved to market_data.json
2024-12-24 11:33:01 [INFO] Connection closed by server
2024-12-24 11:33:07 [INFO] Request sent successfully
2024-12-24 11:33:07 [INFO] Bytes received: 17
2024-12-24 11:33:07 [INFO] Bytes received: 51
2024-12-24 11:33:07 [INFO] Bytes received: 17
2024-12-24 11:33:07 [INFO] Bytes received: 17
2024-12-24 11:33:07 [INFO] Bytes received: 17
2024-12-24 11:33:07 [INFO] Bytes received: 17
2024-12-24 11:33:07 [INFO] Bytes received: 17
2024-12-24 11:33:07 [INFO] Bytes received: 17
2024-12-24 11:33:07 [INFO] Bytes received: 17
2024-12-24 11:33:07 [INFO] Bytes received: 17
2024-12-24 11:33:07 [INFO] The size of the out queue 17
2024-12-24 11:33:07 [INFO] The size of the out queue 51
2024-12-24 11:33:07 [INFO] The size of the out queue 17
2024-12-24 11:33:07 [INFO] The size of the out queue 17
2024-12-24 11:33:07 [INFO] The size of the out queue 17
2024-12-24 11:33:07 [INFO] The size of the out queue 17
2024-12-24 11:33:07 [INFO] The size of the out queue 17
2024-12-24 11:33:07 [INFO] The size of the out queue 17
2024-12-24 11:33:07 [INFO] The size of the out queue 17
2024-12-24 11:33:07 [INFO] The size of the out queue 17
2024-12-24 11:33:07 [INFO] Request sent successfully
2024-12-24 11:33:07 [INFO] Bytes received for packet specific: 17
2024-12-24 11:33:07 [INFO] Request sent successfully
2024-12-24 11:33:07 [INFO] Bytes received for packet specific: 17
2024-12-24 11:33:07 [INFO] JSON saved to market_data.json
2024-12-24 11:33:07 [INFO] Connection closed by server
2024-12-24 11:33:12 [INFO] Request sent successfully
2024-12-24 11:33:12 [INFO] Bytes received: 17
2024-12-24 11:33:12 [INFO] Bytes received: 34
2024-12-24 11:33:12 [INFO] Bytes received: 17
2024-12-24 11:33:12 [INFO] Bytes received: 17
2024-12-24 11:33:12 [INFO] Bytes received: 17
2024-12-24 11:33:12 [INFO] Bytes received: 17
2024-12-24 11:33:12 [INFO] Bytes received: 17
2024-12-24 11:33:12 [INFO] Bytes received: 17
2024-12-24 11:33:12 [INFO] Bytes received: 17
2024-12-24 11:33:12 [INFO] The size of the out queue 17
2024-12-24 11:33:12 [INFO] The size of the out queue 34
2024-12-24 11:33:12 [INFO] The size of the out queue 17
2024-12-24 11:33:12 [INFO] The size of the out queue 17
2024-12-24 11:33:12 [INFO] The size of the out queue 17
2024-12-24 11:33:12 [INFO] The size of the out queue 17
2024-12-24 11:33:12 [INFO] The size of the out queue 17
2024-12-24 11:33:12 [INFO] The size of the out queue 17
2024-12-24 11:33:12 [INFO] The size of the out queue 17
2024-12-24 11:33:12 [INFO] Request sent successfully
2024-12-24 11:33:12 [INFO] Bytes received for packet specific: 17
2024-12-24 11:33:12 [INFO] Request sent successfully
2024-12-24 11:33:12 [INFO] Bytes received for packet specific: 17
2024-12-24 11:33:12 [INFO] Request sent successfully
2024-12-24 11:33:12 [INFO] Bytes received for packet specific: 17
2024-12-24 11:33:12 [INFO] Request sent successfully
2024-12-24 11:33:12 [INFO] Bytes received for packet specific: 17
2024-12-24 11:33:12 [INFO] JSON saved to market_data.json
2024-12-24 11:33:12 [INFO] Connection closed by server
2024-12-24 11:33:14 [INFO] Request sent successfully
2024-12-24 11:33:14 [INFO] Bytes received: 51
2024-12-24 11:33:14 [INFO] Bytes received: 68
2024-12-24 11:33:14 [INFO] Bytes received: 17
2024-12-24 11:33:14 [INFO] The size of the out queue 51
2024-12-24 11:33:14 [INFO] The size of the out queue 68
2024-12-24 11:33:14 [INFO] The size of the out queue 17
2024-12-24 11:33:14 [INFO] Request sent successfully
2024-12-24 11:33:14 [INFO] Bytes received for packet specific: 17
2024-12-24 11:33:14 [INFO] Request sent successfully
2024-12-24 11:33:14 [INFO] Bytes received for packet specific: 17
2024-12-24 11:33:14 [INFO] Request sent successfully
2024-12-24 11:33:14 [INFO] Bytes received for packet specific: 17
2024-12-24 11:33:14 [INFO] Request sent successfully
2024-12-24 11:33:14 [INFO] Bytes received for packet specific: 17
2024-12-24 11:33:14 [INFO] Request sent successfully
2024-12-24 11:33:14 [INFO] Bytes received for packet specific: 17
2024-12-24 11:33:14 [INFO] Request sent successfully
2024-12-24 11:33:14 [INFO] Bytes received for packet specific: 17
2024-12-24 11:33:14 [INFO] JSON saved to market_data.json
2024-12-24 11:33:14 [INFO] Connection closed by server
2024-12-24 11:33:15 [INFO] Request sent successfully
2024-12-24 11:33:15 [INFO] Bytes received: 17
2024-12-24 11:33:15 [INFO] Bytes received: 17
2024-12-24 11:33:15 [INFO] Bytes received: 17
2024-12-24 11:33:15 [INFO] Bytes received: 17
2024-12-24 11:33:15 [INFO] Bytes received: 17
2024-12-24 11:33:15 [INFO] Bytes received: 17
2024-12-24 11:33:15 [INFO] Bytes received: 17
2024-12-24 11:33:15 [INFO] Bytes received: 17
2024-12-24 11:33:15 [INFO] Bytes received: 17
2024-12-24 11:33:15 [INFO] Bytes received: 17
2024-12-24 11:33:15 [INFO] The size of the out queue 17
2024-12-24 11:33:15 [INFO] The size of the out queue 17
2024-12-24 11:33:15 [INFO] The size of the out queue 17
2024-12-24 11:33:15 [INFO] The size of the out queue 17
2024-12-24 11:33:15 [INFO] The size of the out queue 17
2024-12-24 11:33:15 [INFO] The size of the out queue 17
2024-12-24 11:33:15 [INFO] The size of the out queue 17
2024-12-24 11:33:15 [INFO] The size of the out queue 17
2024-12-24 11:33:15 [INFO] The size of the out queue 17
2024-12-24 11:33:15 [INFO] The size of the out queue 17
2024-12-24 11:33:15 [INFO] Request sent successfully
2024-12-24 11:33:15 [INFO] Bytes received for packet specific: 17
2024-12-24 11:33:15 [INFO] Request sent successfully
2024-12-24 11:33:15 [INFO] Bytes received for packet specific: 17
2024-12-24 11:33:15 [INFO] Request sent successfully
2024-12-24 11:33:15 [INFO] Bytes received for packet specific: 17
2024-12-24 11:33:15 [INFO] Request sent successfully
2024-12-24 11:33:15 [INFO] Bytes received for packet specific: 17
2024-12-24 11:33:15 [INFO] JSON saved to market_data.json
2024-12-24 11:33:15 [INFO] Connection closed by server
2024-12-24 11:33:30 [INFO] Request sent successfully
2024-12-24 11:33:30 [INFO] Bytes received: 17
2024-12-24 11:33:30 [INFO] Bytes received: 34
2024-12-24 11:33:30 [INFO] Bytes received: 17
2024-12-24 11:33:30 [INFO] Bytes received: 17
2024-12-24 11:33:30 [INFO] Bytes received: 17
2024-12-24 11:33:30 [INFO] Bytes received: 17
2024-12-24 11:33:30 [INFO] Bytes received: 17
2024-12-24 11:33:30 [INFO] Bytes received: 17
2024-12-24 11:33:30 [INFO] Bytes received: 17
2024-12-24 11:33:30 [INFO] The size of the out queue 17
2024-12-24 11:33:30 [INFO] The size of the out queue 34
2024-12-24 11:33:30 [INFO] The size of the out queue 17
2024-12-24 11:33:30 [INFO] The size of the out queue 17
2024-12-24 11:33:30 [INFO] The size of the out queue 17
2024-12-24 11:33:30 [INFO] The size of the out queue 17
2024-12-24 11:33:30 [INFO] The size of the out queue 17
2024-12-24 11:33:30 [INFO] The size of the out queue 17
2024-12-24 11:33:30 [INFO] The size of the out queue 17
2024-12-24 11:33:30 [INFO] Request sent successfully
2024-12-24 11:33:30 [INFO] Bytes received for packet specific: 17
2024-12-24 11:33:30 [INFO] Request sent successfully
2024-12-24 11:33:30 [INFO] Bytes received for packet specific: 17
2024-12-24 11:33:30 [INFO] Request sent successfully
2024-12-24 11:33:30 [INFO] Bytes received for packet specific: 17
2024-12-24 11:33:30 [INFO] Request sent successfully
2024-12-24 11:33:30 [INFO] Bytes received for packet specific: 17
2024-12-24 11:33:30 [INFO] JSON saved to market_data.json
2024-12-24 11:33:30 [INFO] Connection closed by server
2024-12-24 11:33:31 [INFO] Request sent successfully
2024-12-24 11:33:31 [INFO] Bytes received: 17
2024-12-24 11:33:31 [INFO] Bytes received: 34
2024-12-24 11:33:31 [INFO] Bytes received: 17
2024-12-24 11:33:31 [INFO] Bytes received: 17
2024-12-24 11:33:31 [INFO] Bytes received: 17
2024-12-24 11:33:31 [INFO] Bytes received: 17
2024-12-24 11:33:31 [INFO] Bytes received: 17
2024-12-24 11:33:31 [INFO] Bytes received: 17
2024-12-24 11:33:31 [INFO] Bytes received: 17
2024-12-24 11:33:31 [INFO] Bytes received: 17
2024-12-24 11:33:31 [INFO] Bytes received: 17
2024-12-24 11:33:31 [INFO] The size of the out queue 17
2024-12-24 11:33:31 [INFO] The size of the out queue 34
2024-12-24 11:33:31 [INFO] The size of the out queue 17
2024-12-24 11:33:31 [INFO] The size of the out queue 17
2024-12-24 11:33:31 [INFO] The size of the out queue 17
2024-12-24 11:33:31 [INFO] The size of the out queue 17
2024-12-24 11:33:31 [INFO] The size of the out queue 17
2024-12-24 11:33:31 [INFO] The size of the out queue 17
2024-12-24 11:33:31 [INFO] The size of the out queue 17
2024-12-24 11:33:31 [INFO] The size of the out queue 17
2024-12-24 11:33:31 [INFO] The size of the out queue 17
2024-12-24 11:33:31 [INFO] Request sent successfully
2024-12-24 11:33:31 [INFO] Bytes received for packet specific: 17
2024-12-24 11:33:31 [INFO] Request sent successfully
2024-12-24 11:33:31 [INFO] Bytes received for packet specific: 17
2024-12-24 11:33:31 [INFO] JSON saved to market_data.json
2024-12-24 11:33:31 [INFO] Connection closed by server
2024-12-24 11:33:50 [INFO] Request sent successfully
2024-12-24 11:33:50 [INFO] Bytes received: 34
2024-12-24 11:33:50 [INFO] Bytes received: 34
2024-12-24 11:33:50 [INFO] Bytes received: 17
2024-12-24 11:33:50 [INFO] Bytes received: 17
2024-12-24 11:33:50 [INFO] Bytes received: 17
2024-12-24 11:33:50 [INFO] Bytes received: 68
2024-12-24 11:33:50 [INFO] Bytes received: 17
2024-12-24 11:33:50 [INFO] The size of the out queue 34
2024-12-24 11:33:50 [INFO] The size of the out queue 34
2024-12-24 11:33:50 [INFO] The size of the out queue 17
2024-12-24 11:33:50 [INFO] The size of the out queue 17
2024-12-24 11:33:50 [INFO] The size of the out queue 17
2024-12-24 11:33:50 [INFO] The size of the out queue 68
2024-12-24 11:33:50 [INFO] The size of the out queue 17
2024-12-24 11:33:50 [INFO] Request sent successfully
2024-12-24 11:33:50 [INFO] Bytes received for packet specific: 17
2024-12-24 11:33:50 [INFO] Request sent successfully
2024-12-24 11:33:50 [INFO] Bytes received for packet specific: 17
2024-12-24 11:33:50 [INFO] JSON saved to market_data.json
2024-12-24 11:33:50 [INFO] Connection closed by server
2024-12-24 11:33:51 [INFO] Request sent successfully
2024-12-24 11:33:51 [INFO] Bytes received: 17
2024-12-24 11:33:51 [INFO] Bytes received: 17
2024-12-24 11:33:51 [INFO] Bytes received: 17
2024-12-24 11:33:51 [INFO] Bytes received: 17
2024-12-24 11:33:51 [INFO] Bytes received: 17
2024-12-24 11:33:51 [INFO] Bytes received: 17
2024-12-24 11:33:51 [INFO] Bytes received: 17
2024-12-24 11:33:51 [INFO] Bytes received: 17
2024-12-24 11:33:51 [INFO] Bytes received: 17
2024-12-24 11:33:51 [INFO] Bytes received: 17
2024-12-24 11:33:51 [INFO] Bytes received: 17
2024-12-24 11:33:51 [INFO] The size of the out queue 17
2024-12-24 11:33:51 [INFO] The size of the out queue 17
2024-12-24 11:33:51 [INFO] The size of the out queue 17
2024-12-24 11:33:51 [INFO] The size of the out queue 17
2024-12-24 11:33:51 [INFO] The size of the out queue 17
2024-12-24 11:33:51 [INFO] The size of the out queue 17
2024-12-24 11:33:51 [INFO] The size of the out queue 17
2024-12-24 11:33:51 [INFO] The size of the out queue 17
2024-12-24 11:33:51 [INFO] The size of the out queue 17
2024-12-24 11:33:51 [INFO] The size of the out queue 17
2024-12-24 11:33:51 [INFO] The size of the out queue 17
2024-12-24 11:33:51 [INFO] Request sent successfully
2024-12-24 11:33:51 [INFO] Bytes received for packet specific: 17
2024-12-24 11:33:51 [INFO] Request sent successfully
2024-12-24 11:33:51 [INFO] Bytes received for packet specific: 17
2024-12-24 11:33:51 [INFO] JSON saved to market_data.json
2024-12-24 11:33:51 [INFO] Connection closed by server
2024-12-24 11:34:35 [INFO] Request sent successfully
2024-12-24 11:34:35 [INFO] Bytes received: 17
2024-12-24 11:34:35 [INFO] Bytes received: 17
2024-12-24 11:34:35 [INFO] Bytes received: 34
2024-12-24 11:34:35 [INFO] Bytes received: 17
2024-12-24 11:34:35 [INFO] Bytes received: 17
2024-12-24 11:34:35 [INFO] Bytes received: 17
2024-12-24 11:34:35 [INFO] Bytes received: 17
2024-12-24 11:34:35 [INFO] Bytes received: 17
2024-12-24 11:34:35 [INFO] Bytes received: 17
2024-12-24 11:34:35 [INFO] Bytes received: 17
2024-12-24 11:34:35 [INFO] Bytes received: 17
2024-12-24 11:34:35 [INFO] Bytes received: 17
2024-12-24 11:34:35 [INFO] The size of the out queue 17
2024-12-24 11:34:35 [INFO] The size of the out queue 17
2024-12-24 11:34:35 [INFO] The size of the out queue 34
2024-12-24 11:34:35 [INFO] The size of the out queue 17
2024-12-24 11:34:35 [INFO] The size of the out queue 17
2024-12-24 11:34:35 [INFO] The size of the out queue 17
2024-12-24 11:34:35 [INFO] The size of the out queue 17
2024-12-24 11:34:35 [INFO] The size of the out queue 17
2024-12-24 11:34:35 [INFO] The size of the out queue 17
2024-12-24 11:34:35 [INFO] The size of the out queue 17
2024-12-24 11:34:35 [INFO] The size of the out queue 17
2024-12-24 11:34:35 [INFO] The size of the out queue 17
2024-12-24 11:34:35 [INFO] Request sent successfully
2024-12-24 11:34:35 [INFO] Bytes received for packet specific: 17
2024-12-24 11:34:35 [INFO] JSON saved to market_data.json
2024-12-24 11:34:35 [INFO] Connection closed by server
2024-12-24 11:34:39 [INFO] Request sent successfully
2024-12-24 11:34:39 [INFO] Bytes received: 17
2024-12-24 11:34:39 [INFO] Bytes received: 17
2024-12-24 11:34:39 [INFO] Bytes received: 17
2024-12-24 11:34:39 [INFO] Bytes received: 17
2024-12-24 11:34:39 [INFO] Bytes received: 17
2024-12-24 11:34:39 [INFO] Bytes received: 17
2024-12-24 11:34:39 [INFO] Bytes received: 17
2024-12-24 11:34:39 [INFO] Bytes received: 17
2024-12-24 11:34:39 [INFO] Bytes received: 17
2024-12-24 11:34:39 [INFO] Bytes received: 17
2024-12-24 11:34:39 [INFO] Bytes received: 17
2024-12-24 11:34:39 [INFO] The size of the out queue 17
2024-12-24 11:34:39 [INFO] The size of the out queue 17
2024-12-24 11:34:39 [INFO] The size of the out queue 17
2024-12-24 11:34:39 [INFO] The size of the out queue 17
2024-12-24 11:34:39 [INFO] The size of the out queue 17
2024-12-24 11:34:39 [INFO] The size of the out queue 17
2024-12-24 11:34:39 [INFO] The size of the out queue 17
2024-12-24 11:34:39 [INFO] The size of the out queue 17
2024-12-24 11:34:39 [INFO] The size of the out queue 17
2024-12-24 11:34:39 [INFO] The size of the out queue 17
2024-12-24 11:34:39 [INFO] The size of the out queue 17
2024-12-24 11:34:39 [INFO] Request sent successfully
2024-12-24 11:34:39 [INFO] Bytes received for packet specific: 17
2024-12-24 11:34:39 [INFO] Request sent successfully
2024-12-24 11:34:39 [INFO] Bytes received for packet specific: 17
2024-12-24 11:34:39 [INFO] Request sent successfully
2024-12-24 11:34:39 [INFO] Bytes received for packet specific: 17
2024-12-24 11:34:39 [INFO] JSON saved to market_data.json
2024-12-24 11:34:39 [INFO] Connection closed by server
2024-12-24 11:34:44 [INFO] Request sent successfully
2024-12-24 11:34:44 [INFO] Bytes received: 51
2024-12-24 11:34:44 [INFO] Bytes received: 68
2024-12-24 11:34:44 [INFO] Bytes received: 17
2024-12-24 11:34:44 [INFO] The size of the out queue 51
2024-12-24 11:34:44 [INFO] The size of the out queue 68
2024-12-24 11:34:44 [INFO] The size of the out queue 17
2024-12-24 11:34:44 [INFO] Request sent successfully
2024-12-24 11:34:44 [INFO] Bytes received for packet specific: 17
2024-12-24 11:34:44 [INFO] Request sent successfully
2024-12-24 11:34:44 [INFO] Bytes received for packet specific: 17
2024-12-24 11:34:44 [INFO] Request sent successfully
2024-12-24 11:34:44 [INFO] Bytes received for packet specific: 17
2024-12-24 11:34:44 [INFO] Request sent successfully
2024-12-24 11:34:44 [INFO] Bytes received for packet specific: 17
2024-12-24 11:34:44 [INFO] Request sent successfully
2024-12-24 11:34:44 [INFO] Bytes received for packet specific: 17
2024-12-24 11:34:44 [INFO] Request sent successfully
2024-12-24 11:34:44 [INFO] Bytes received for packet specific: 17
2024-12-24 11:34:44 [INFO] JSON saved to market_data.json
2024-12-24 11:34:44 [INFO] Connection closed by server
2024-12-24 11:34:47 [INFO] Request sent successfully
2024-12-24 11:34:47 [INFO] Bytes received: 17
2024-12-24 11:34:47 [INFO] Bytes received: 17
2024-12-24 11:34:47 [INFO] Bytes received: 17
2024-12-24 11:34:47 [INFO] Bytes received: 17
2024-12-24 11:34:47 [INFO] Bytes received: 17
2024-12-24 11:34:47 [INFO] Bytes received: 17
2024-12-24 11:34:47 [INFO] Bytes received: 17
2024-12-24 11:34:47 [INFO] Bytes received: 17
2024-12-24 11:34:47 [INFO] Bytes received: 17
2024-12-24 11:34:47 [INFO] Bytes received: 34
2024-12-24 11:34:47 [INFO] Bytes received: 17
2024-12-24 11:34:47 [INFO] The size of the out queue 17
2024-12-24 11:34:47 [INFO] The size of the out queue 17
2024-12-24 11:34:47 [INFO] The size of the out queue 17
2024-12-24 11:34:47 [INFO] The size of the out queue 17
2024-12-24 11:34:47 [INFO] The size of the out queue 17
2024-12-24 11:34:47 [INFO] The size of the out queue 17
2024-12-24 11:34:47 [INFO] The size of the out queue 17
2024-12-24 11:34:47 [INFO] The size of the out queue 17
2024-12-24 11:34:47 [INFO] The size of the out queue 17
2024-12-24 11:34:47 [INFO] The size of the out queue 34
2024-12-24 11:34:47 [INFO] The size of the out queue 17
2024-12-24 11:34:47 [INFO] Request sent successfully
2024-12-24 11:34:47 [INFO] Bytes received for packet specific: 17
2024-12-24 11:34:47 [INFO] Request sent successfully
2024-12-24 11:34:47 [INFO] Bytes received for packet specific: 17
2024-12-24 11:34:47 [INFO] JSON saved to market_data.json
2024-12-24 11:34:47 [INFO] Connection closed by server
2024-12-24 11:34:52 [INFO] Request sent successfully
2024-12-24 11:34:52 [INFO] Bytes received: 17
2024-12-24 11:34:52 [INFO] Bytes received: 34
2024-12-24 11:34:52 [INFO] Bytes received: 51
2024-12-24 11:34:52 [INFO] Bytes received: 17
2024-12-24 11:34:52 [INFO] Bytes received: 17
2024-12-24 11:34:52 [INFO] The size of the out queue 17
2024-12-24 11:34:52 [INFO] The size of the out queue 34
2024-12-24 11:34:52 [INFO] The size of the out queue 51
2024-12-24 11:34:52 [INFO] The size of the out queue 17
2024-12-24 11:34:52 [INFO] The size of the out queue 17
2024-12-24 11:34:52 [INFO] Request sent successfully
2024-12-24 11:34:52 [INFO] Bytes received for packet specific: 17
2024-12-24 11:34:52 [INFO] Request sent successfully
2024-12-24 11:34:52 [INFO] Bytes received for packet specific: 17
2024-12-24 11:34:52 [INFO] Request sent successfully
2024-12-24 11:34:52 [INFO] Bytes received for packet specific: 17
2024-12-24 11:34:52 [INFO] Request sent successfully
2024-12-24 11:34:52 [INFO] Bytes received for packet specific: 17
2024-12-24 11:34:52 [INFO] Request sent successfully
2024-12-24 11:34:52 [INFO] Bytes received for packet specific: 17
2024-12-24 11:34:52 [INFO] Request sent successfully
2024-12-24 11:34:52 [INFO] Bytes received for packet specific: 17
2024-12-24 11:34:52 [INFO] JSON saved to market_data.json
2024-12-24 11:34:52 [INFO] Connection closed by server
2024-12-24 11:34:55 [INFO] Request sent successfully
2024-12-24 11:34:55 [INFO] Bytes received: 17
2024-12-24 11:34:55 [INFO] Bytes received: 17
2024-12-24 11:34:55 [INFO] Bytes received: 17
2024-12-24 11:34:55 [INFO] Bytes received: 17
2024-12-24 11:34:55 [INFO] Bytes received: 17
2024-12-24 11:34:55 [INFO] Bytes received: 17
2024-12-24 11:34:55 [INFO] Bytes received: 17
2024-12-24 11:34:55 [INFO] Bytes received: 17
2024-12-24 11:34:55 [INFO] Bytes received: 17
2024-12-24 11:34:55 [INFO] Bytes received: 17
2024-12-24 11:34:55 [INFO] Bytes received: 17
2024-12-24 11:34:55 [INFO] Bytes received: 17
2024-12-24 11:34:55 [INFO] The size of the out queue 17
2024-12-24 11:34:55 [INFO] The size of the out queue 17
2024-12-24 11:34:55 [INFO] The size of the out queue 17
2024-12-24 11:34:55 [INFO] The size of the out queue 17
2024-12-24 11:34:55 [INFO] The size of the out queue 17
2024-12-24 11:34:55 [INFO] The size of the out queue 17
2024-12-24 11:34:55 [INFO] The size of the out queue 17
2024-12-24 11:34:55 [INFO] The size of the out queue 17
2024-12-24 11:34:55 [INFO] The size of the out queue 17
2024-12-24 11:34:55 [INFO] The size of the out queue 17
2024-12-24 11:34:55 [INFO] The size of the out queue 17
2024-12-24 11:34:55 [INFO] The size of the out queue 17
2024-12-24 11:34:55 [INFO] Request sent successfully
2024-12-24 11:34:55 [INFO] Bytes received for packet specific: 17
2024-12-24 11:34:55 [INFO] Request sent successfully
2024-12-24 11:34:55 [INFO] Bytes received for packet specific: 17
2024-12-24 11:34:55 [INFO] JSON saved to market_data.json
2024-12-24 11:34:55 [INFO] Connection closed by server
2024-12-24 11:35:03 [INFO] Request sent successfully
2024-12-24 11:35:03 [INFO] Bytes received: 17
2024-12-24 11:35:03 [INFO] Bytes received: 17
2024-12-24 11:35:03 [INFO] Bytes received: 17
2024-12-24 11:35:03 [INFO] Bytes received: 17
2024-12-24 11:35:03 [INFO] Bytes received: 17
2024-12-24 11:35:03 [INFO] Bytes received: 17
2024-12-24 11:35:03 [INFO] Bytes received: 17
2024-12-24 11:35:03 [INFO] Bytes received: 17
2024-12-24 11:35:03 [INFO] Bytes received: 17
2024-12-24 11:35:03 [INFO] Bytes received: 17
2024-12-24 11:35:03 [INFO] Bytes received: 17
2024-12-24 11:35:03 [INFO] The size of the out queue 17
2024-12-24 11:35:03 [INFO] The size of the out queue 17
2024-12-24 11:35:03 [INFO] The size of the out queue 17
2024-12-24 11:35:03 [INFO] The size of the out queue 17
2024-12-24 11:35:03 [INFO] The size of the out queue 17
2024-12-24 11:35:03 [INFO] The size of the out queue 17
2024-12-24 11:35:03 [INFO] The size of the out queue 17
2024-12-24 11:35:03 [INFO] The size of the out queue 17
2024-12-24 11:35:03 [INFO] The size of the out queue 17
2024-12-24 11:35:03 [INFO] The size of the out queue 17
2024-12-24 11:35:03 [INFO] The size of the out queue 17
2024-12-24 11:35:03 [INFO] Request sent successfully
2024-12-24 11:35:03 [INFO] Bytes received for packet specific: 17
2024-12-24 11:35:03 [INFO] Request sent successfully
2024-12-24 11:35:03 [INFO] Bytes received for packet specific: 17
2024-12-24 11:35:03 [INFO] Request sent successfully
2024-12-24 11:35:03 [INFO] Bytes received for packet specific: 17
2024-12-24 11:35:03 [INFO] JSON saved to market_data.json
2024-12-24 11:35:03 [INFO] Connection closed by server
2024-12-24 11:35:05 [INFO] Request sent successfully
2024-12-24 11:35:05 [INFO] Bytes received: 68
2024-12-24 11:35:05 [INFO] Bytes received: 68
2024-12-24 11:35:05 [INFO] Bytes received: 17
2024-12-24 11:35:05 [INFO] The size of the out queue 68
2024-12-24 11:35:05 [INFO] The size of the out queue 68
2024-12-24 11:35:05 [INFO] The size of the out queue 17
2024-12-24 11:35:05 [INFO] Request sent successfully
2024-12-24 11:35:05 [INFO] Bytes received for packet specific: 17
2024-12-24 11:35:05 [INFO] Request sent successfully
2024-12-24 11:35:05 [INFO] Bytes received for packet specific: 17
2024-12-24 11:35:05 [INFO] Request sent successfully
2024-12-24 11:35:05 [INFO] Bytes received for packet specific: 17
2024-12-24 11:35:05 [INFO] Request sent successfully
2024-12-24 11:35:05 [INFO] Bytes received for packet specific: 17
2024-12-24 11:35:05 [INFO] Request sent successfully
2024-12-24 11:35:05 [INFO] Bytes received for packet specific: 17
2024-12-24 11:35:05 [INFO] JSON saved to market_data.json
2024-12-24 11:35:05 [INFO] Connection closed by server
2024-12-24 11:35:05 [INFO] Request sent successfully
2024-12-24 11:35:05 [INFO] Bytes received: 17
2024-12-24 11:35:05 [INFO] Bytes received: 34
2024-12-24 11:35:05 [INFO] Bytes received: 17
2024-12-24 11:35:05 [INFO] Bytes received: 17
2024-12-24 11:35:05 [INFO] Bytes received: 17
2024-12-24 11:35:05 [INFO] Bytes received: 17
2024-12-24 11:35:05 [INFO] Bytes received: 17
2024-12-24 11:35:05 [INFO] Bytes received: 17
2024-12-24 11:35:05 [INFO] Bytes received: 17
2024-12-24 11:35:05 [INFO] Bytes received: 17
2024-12-24 11:35:05 [INFO] Bytes received: 17
2024-12-24 11:35:05 [INFO] The size of the out queue 17
2024-12-24 11:35:05 [INFO] The size of the out queue 34
2024-12-24 11:35:05 [INFO] The size of the out queue 17
2024-12-24 11:35:05 [INFO] The size of the out queue 17
2024-12-24 11:35:05 [INFO] The size of the out queue 17
2024-12-24 11:35:05 [INFO] The size of the out queue 17
2024-12-24 11:35:05 [INFO] The size of the out queue 17
2024-12-24 11:35:05 [INFO] The size of the out queue 17
2024-12-24 11:35:05 [INFO] The size of the out queue 17
2024-12-24 11:35:05 [INFO] The size of the out queue 17
2024-12-24 11:35:05 [INFO] The size of the out queue 17
2024-12-24 11:35:05 [INFO] Request sent successfully
2024-12-24 11:35:05 [INFO] Bytes received for packet specific: 17
2024-12-24 11:35:05 [INFO] Request sent successfully
2024-12-24 11:35:05 [INFO] Bytes received for packet specific: 17
2024-12-24 11:35:05 [INFO] JSON saved to market_data.json
2024-12-24 11:35:05 [INFO] Connection closed by server
2024-12-24 11:35:06 [INFO] Request sent successfully
2024-12-24 11:35:06 [INFO] Bytes received: 17
2024-12-24 11:35:06 [INFO] Bytes received: 34
2024-12-24 11:35:06 [INFO] Bytes received: 17
2024-12-24 11:35:06 [INFO] Bytes received: 17
2024-12-24 11:35:06 [INFO] Bytes received: 17
2024-12-24 11:35:06 [INFO] Bytes received: 17
2024-12-24 11:35:06 [INFO] Bytes received: 17
2024-12-24 11:35:06 [INFO] Bytes received: 17
2024-12-24 11:35:06 [INFO] Bytes received: 17
2024-12-24 11:35:06 [INFO] Bytes received: 17
2024-12-24 11:35:06 [INFO] Bytes received: 17
2024-12-24 11:35:06 [INFO] The size of the out queue 17
2024-12-24 11:35:06 [INFO] The size of the out queue 34
2024-12-24 11:35:06 [INFO] The size of the out queue 17
2024-12-24 11:35:06 [INFO] The size of the out queue 17
2024-12-24 11:35:06 [INFO] The size of the out queue 17
2024-12-24 11:35:06 [INFO] The size of the out queue 17
2024-12-24 11:35:06 [INFO] The size of the out queue 17
2024-12-24 11:35:06 [INFO] The size of the out queue 17
2024-12-24 11:35:06 [INFO] The size of the out queue 17
2024-12-24 11:35:06 [INFO] The size of the out queue 17
2024-12-24 11:35:06 [INFO] The size of the out queue 17
2024-12-24 11:35:06 [INFO] Request sent successfully
2024-12-24 11:35:06 [INFO] Bytes received for packet specific: 17
2024-12-24 11:35:06 [INFO] JSON saved to market_data.json
2024-12-24 11:35:06 [INFO] Connection closed by server
2024-12-24 11:35:07 [INFO] Request sent successfully
2024-12-24 11:35:07 [INFO] Bytes received: 17
2024-12-24 11:35:07 [INFO] Bytes received: 51
2024-12-24 11:35:07 [INFO] Bytes received: 17
2024-12-24 11:35:07 [INFO] Bytes received: 136
2024-12-24 11:35:07 [INFO] The size of the out queue 17
2024-12-24 11:35:07 [INFO] The size of the out queue 51
2024-12-24 11:35:07 [INFO] The size of the out queue 17
2024-12-24 11:35:07 [INFO] The size of the out queue 136
2024-12-24 11:35:07 [INFO] Request sent successfully
2024-12-24 11:35:07 [INFO] Bytes received for packet specific: 17
2024-12-24 11:35:07 [INFO] JSON saved to market_data.json
2024-12-24 11:35:07 [INFO] Connection closed by server
2024-12-24 11:35:07 [INFO] Request sent successfully
2024-12-24 11:35:07 [INFO] Bytes received: 17
2024-12-24 11:35:07 [INFO] Bytes received: 34
2024-12-24 11:35:07 [INFO] Bytes received: 17
2024-12-24 11:35:07 [INFO] Bytes received: 17
2024-12-24 11:35:07 [INFO] Bytes received: 17
2024-12-24 11:35:07 [INFO] Bytes received: 17
2024-12-24 11:35:07 [INFO] Bytes received: 17
2024-12-24 11:35:07 [INFO] Bytes received: 17
2024-12-24 11:35:07 [INFO] Bytes received: 17
2024-12-24 11:35:07 [INFO] Bytes received: 17
2024-12-24 11:35:07 [INFO] Bytes received: 17
2024-12-24 11:35:07 [INFO] Bytes received: 17
2024-12-24 11:35:07 [INFO] The size of the out queue 17
2024-12-24 11:35:07 [INFO] The size of the out queue 34
2024-12-24 11:35:07 [INFO] The size of the out queue 17
2024-12-24 11:35:07 [INFO] The size of the out queue 17
2024-12-24 11:35:07 [INFO] The size of the out queue 17
2024-12-24 11:35:07 [INFO] The size of the out queue 17
2024-12-24 11:35:07 [INFO] The size of the out queue 17
2024-12-24 11:35:07 [INFO] The size of the out queue 17
2024-12-24 11:35:07 [INFO] The size of the out queue 17
2024-12-24 11:35:07 [INFO] The size of the out queue 17
2024-12-24 11:35:07 [INFO] The size of the out queue 17
2024-12-24 11:35:07 [INFO] The size of the out queue 17
2024-12-24 11:35:07 [INFO] Request sent successfully
2024-12-24 11:35:07 [INFO] Bytes received for packet specific: 17
2024-12-24 11:35:07 [INFO] JSON saved to market_data.json
2024-12-24 11:35:07 [INFO] Connection closed by server
2024-12-24 11:35:08 [INFO] Request sent successfully
2024-12-24 11:35:08 [INFO] Bytes received: 17
2024-12-24 11:35:08 [INFO] Bytes received: 51
2024-12-24 11:35:08 [INFO] Bytes received: 51
2024-12-24 11:35:08 [INFO] Bytes received: 17
2024-12-24 11:35:08 [INFO] Bytes received: 17
2024-12-24 11:35:08 [INFO] The size of the out queue 17
2024-12-24 11:35:08 [INFO] The size of the out queue 51
2024-12-24 11:35:08 [INFO] The size of the out queue 51
2024-12-24 11:35:08 [INFO] The size of the out queue 17
2024-12-24 11:35:08 [INFO] The size of the out queue 17
2024-12-24 11:35:08 [INFO] Request sent successfully
2024-12-24 11:35:08 [INFO] Bytes received for packet specific: 17
2024-12-24 11:35:08 [INFO] Request sent successfully
2024-12-24 11:35:08 [INFO] Bytes received for packet specific: 17
2024-12-24 11:35:08 [INFO] Request sent successfully
2024-12-24 11:35:08 [INFO] Bytes received for packet specific: 17
2024-12-24 11:35:08 [INFO] Request sent successfully
2024-12-24 11:35:08 [INFO] Bytes received for packet specific: 17
2024-12-24 11:35:08 [INFO] Request sent successfully
2024-12-24 11:35:08 [INFO] Bytes received for packet specific: 17
2024-12-24 11:35:08 [INFO] JSON saved to market_data.json
2024-12-24 11:35:08 [INFO] Connection closed by server
2024-12-24 11:35:08 [INFO] Request sent successfully
2024-12-24 11:35:08 [INFO] Bytes received: 34
2024-12-24 11:35:08 [INFO] Bytes received: 51
2024-12-24 11:35:08 [INFO] Bytes received: 17
2024-12-24 11:35:08 [INFO] Bytes received: 17
2024-12-24 11:35:08 [INFO] Bytes received: 34
2024-12-24 11:35:08 [INFO] The size of the out queue 34
2024-12-24 11:35:08 [INFO] The size of the out queue 51
2024-12-24 11:35:08 [INFO] The size of the out queue 17
2024-12-24 11:35:08 [INFO] The size of the out queue 17
2024-12-24 11:35:08 [INFO] The size of the out queue 34
2024-12-24 11:35:08 [INFO] Request sent successfully
2024-12-24 11:35:08 [INFO] Bytes received for packet specific: 17
2024-12-24 11:35:08 [INFO] Request sent successfully
2024-12-24 11:35:08 [INFO] Bytes received for packet specific: 17
2024-12-24 11:35:08 [INFO] Request sent successfully
2024-12-24 11:35:08 [INFO] Bytes received for packet specific: 17
2024-12-24 11:35:08 [INFO] Request sent successfully
2024-12-24 11:35:08 [INFO] Bytes received for packet specific: 17
2024-12-24 11:35:08 [INFO] Request sent successfully
2024-12-24 11:35:08 [INFO] Bytes received for packet specific: 17
2024-12-24 11:35:08 [INFO] JSON saved to market_data.json
2024-12-24 11:35:08 [INFO] Connection closed by server
2024-12-24 11:35:09 [INFO] Request sent successfully
2024-12-24 11:35:09 [INFO] Bytes received: 17
2024-12-24 11:35:09 [INFO] Bytes received: 17
2024-12-24 11:35:09 [INFO] Bytes received: 17
2024-12-24 11:35:09 [INFO] Bytes received: 17
2024-12-24 11:35:09 [INFO] Bytes received: 17
2024-12-24 11:35:09 [INFO] Bytes received: 136
2024-12-24 11:35:09 [INFO] The size of the out queue 17
2024-12-24 11:35:09 [INFO] The size of the out queue 17
2024-12-24 11:35:09 [INFO] The size of the out queue 17
2024-12-24 11:35:09 [INFO] The size of the out queue 17
2024-12-24 11:35:09 [INFO] The size of the out queue 17
2024-12-24 11:35:09 [INFO] The size of the out queue 136
2024-12-24 11:35:09 [INFO] Request sent successfully
2024-12-24 11:35:09 [INFO] Bytes received for packet specific: 17
2024-12-24 11:35:09 [INFO] JSON saved to market_data.json
2024-12-24 11:35:09 [INFO] Connection closed by server
2024-12-24 11:35:10 [INFO] Request sent successfully
2024-12-24 11:35:10 [INFO] Bytes received: 17
2024-12-24 11:35:10 [INFO] Bytes received: 17
2024-12-24 11:35:10 [INFO] Bytes received: 17
2024-12-24 11:35:10 [INFO] Bytes received: 17
2024-12-24 11:35:10 [INFO] Bytes received: 17
2024-12-24 11:35:10 [INFO] Bytes received: 17
2024-12-24 11:35:10 [INFO] Bytes received: 17
2024-12-24 11:35:10 [INFO] The size of the out queue 17
2024-12-24 11:35:10 [INFO] The size of the out queue 17
2024-12-24 11:35:10 [INFO] The size of the out queue 17
2024-12-24 11:35:10 [INFO] The size of the out queue 17
2024-12-24 11:35:10 [INFO] The size of the out queue 17
2024-12-24 11:35:10 [INFO] The size of the out queue 17
2024-12-24 11:35:10 [INFO] The size of the out queue 17
2024-12-24 11:35:10 [INFO] Request sent successfully
2024-12-24 11:35:10 [INFO] Bytes received for packet specific: 17
2024-12-24 11:35:10 [INFO] Request sent successfully
2024-12-24 11:35:10 [INFO] Bytes received for packet specific: 17
2024-12-24 11:35:10 [INFO] Request sent successfully
2024-12-24 11:35:10 [INFO] Bytes received for packet specific: 17
2024-12-24 11:35:10 [INFO] Request sent successfully
2024-12-24 11:35:10 [INFO] Bytes received for packet specific: 17
2024-12-24 11:35:10 [INFO] JSON saved to market_data.json
2024-12-24 11:35:10 [INFO] Connection closed by server
2024-12-24 11:35:10 [INFO] Request sent successfully
2024-12-24 11:35:10 [INFO] Bytes received: 17
2024-12-24 11:35:10 [INFO] Bytes received: 34
2024-12-24 11:35:10 [INFO] Bytes received: 17
2024-12-24 11:35:10 [INFO] Bytes received: 17
2024-12-24 11:35:10 [INFO] Bytes received: 17
2024-12-24 11:35:10 [INFO] Bytes received: 17
2024-12-24 11:35:10 [INFO] The size of the out queue 17
2024-12-24 11:35:10 [INFO] The size of the out queue 34
2024-12-24 11:35:10 [INFO] The size of the out queue 17
2024-12-24 11:35:10 [INFO] The size of the out queue 17
2024-12-24 11:35:10 [INFO] The size of the out queue 17
2024-12-24 11:35:10 [INFO] The size of the out queue 17
2024-12-24 11:35:10 [INFO] Request sent successfully
2024-12-24 11:35:10 [INFO] Bytes received for packet specific: 17
2024-12-24 11:35:10 [INFO] Request sent successfully
2024-12-24 11:35:10 [INFO] Bytes received for packet specific: 17
2024-12-24 11:35:10 [INFO] Request sent successfully
2024-12-24 11:35:10 [INFO] Bytes received for packet specific: 17
2024-12-24 11:35:10 [INFO] Request sent successfully
2024-12-24 11:35:10 [INFO] Bytes received for packet specific: 17
2024-12-24 11:35:10 [INFO] Request sent successfully
2024-12-24 11:35:10 [INFO] Bytes received for packet specific: 17
2024-12-24 11:35:10 [INFO] Request sent successfully
2024-12-24 11:35:10 [INFO] Bytes received for packet specific: 17
2024-12-24 11:35:10 [INFO] Request sent successfully
2024-12-24 11:35:10 [INFO] Bytes received for packet specific: 17
2024-12-24 11:35:10 [INFO] JSON saved to market_data.json
2024-12-24 11:35:10 [INFO] Connection closed by server
2024-12-24 11:35:11 [INFO] Request sent successfully
2024-12-24 11:35:11 [INFO] Bytes received: 17
2024-12-24 11:35:11 [INFO] Bytes received: 68
2024-12-24 11:35:11 [INFO] Bytes received: 17
2024-12-24 11:35:11 [INFO] Bytes received: 17
2024-12-24 11:35:11 [INFO] Bytes received: 17
2024-12-24 11:35:11 [INFO] Bytes received: 17
2024-12-24 11:35:11 [INFO] Bytes received: 17
2024-12-24 11:35:11 [INFO] Bytes received: 17
2024-12-24 11:35:11 [INFO] Bytes received: 17
2024-12-24 11:35:11 [INFO] The size of the out queue 17
2024-12-24 11:35:11 [INFO] The size of the out queue 68
2024-12-24 11:35:11 [INFO] The size of the out queue 17
2024-12-24 11:35:11 [INFO] The size of the out queue 17
2024-12-24 11:35:11 [INFO] The size of the out queue 17
2024-12-24 11:35:11 [INFO] The size of the out queue 17
2024-12-24 11:35:11 [INFO] The size of the out queue 17
2024-12-24 11:35:11 [INFO] The size of the out queue 17
2024-12-24 11:35:11 [INFO] The size of the out queue 17
2024-12-24 11:35:11 [INFO] Request sent successfully
2024-12-24 11:35:11 [INFO] Bytes received for packet specific: 17
2024-12-24 11:35:11 [INFO] Request sent successfully
2024-12-24 11:35:11 [INFO] Bytes received for packet specific: 17
2024-12-24 11:35:11 [INFO] JSON saved to market_data.json
2024-12-24 11:35:11 [INFO] Connection closed by server
2024-12-24 11:35:11 [INFO] Request sent successfully
2024-12-24 11:35:11 [INFO] Bytes received: 17
2024-12-24 11:35:11 [INFO] Bytes received: 17
2024-12-24 11:35:11 [INFO] Bytes received: 17
2024-12-24 11:35:11 [INFO] Bytes received: 17
2024-12-24 11:35:11 [INFO] Bytes received: 17
2024-12-24 11:35:11 [INFO] Bytes received: 17
2024-12-24 11:35:11 [INFO] Bytes received: 17
2024-12-24 11:35:11 [INFO] Bytes received: 17
2024-12-24 11:35:11 [INFO] Bytes received: 17
2024-12-24 11:35:11 [INFO] Bytes received: 17
2024-12-24 11:35:11 [INFO] The size of the out queue 17
2024-12-24 11:35:11 [INFO] The size of the out queue 17
2024-12-24 11:35:11 [INFO] The size of the out queue 17
2024-12-24 11:35:11 [INFO] The size of the out queue 17
2024-12-24 11:35:11 [INFO] The size of the out queue 17
2024-12-24 11:35:11 [INFO] The size of the out queue 17
2024-12-24 11:35:11 [INFO] The size of the out queue 17
2024-12-24 11:35:11 [INFO] The size of the out queue 17
2024-12-24 11:35:11 [INFO] The size of the out queue 17
2024-12-24 11:35:11 [INFO] The size of the out queue 17
2024-12-24 11:35:11 [INFO] Request sent successfully
2024-12-24 11:35:11 [INFO] Bytes received for packet specific: 17
2024-12-24 11:35:11 [INFO] Request sent successfully
2024-12-24 11:35:11 [INFO] Bytes received for packet specific: 17
2024-12-24 11:35:11 [INFO] Request sent successfully
2024-12-24 11:35:11 [INFO] Bytes received for packet specific: 17
2024-12-24 11:35:11 [INFO] Request sent successfully
2024-12-24 11:35:11 [INFO] Bytes received for packet specific: 17
2024-12-24 11:35:11 [INFO] JSON saved to market_data.json
2024-12-24 11:35:11 [INFO] Connection closed by server
2024-12-24 11:35:12 [INFO] Request sent successfully
2024-12-24 11:35:12 [INFO] Bytes received: 17
2024-12-24 11:35:12 [INFO] Bytes received: 17
2024-12-24 11:35:12 [INFO] Bytes received: 17
2024-12-24 11:35:12 [INFO] Bytes received: 17
2024-12-24 11:35:12 [INFO] Bytes received: 17
2024-12-24 11:35:12 [INFO] Bytes received: 34
2024-12-24 11:35:12 [INFO] Bytes received: 17
2024-12-24 11:35:12 [INFO] Bytes received: 17
2024-12-24 11:35:12 [INFO] Bytes received: 17
2024-12-24 11:35:12 [INFO] The size of the out queue 17
2024-12-24 11:35:12 [INFO] The size of the out queue 17
2024-12-24 11:35:12 [INFO] The size of the out queue 17
2024-12-24 11:35:12 [INFO] The size of the out queue 17
2024-12-24 11:35:12 [INFO] The size of the out queue 17
2024-12-24 11:35:12 [INFO] The size of the out queue 34
2024-12-24 11:35:12 [INFO] The size of the out queue 17
2024-12-24 11:35:12 [INFO] The size of the out queue 17
2024-12-24 11:35:12 [INFO] The size of the out queue 17
2024-12-24 11:35:12 [INFO] Request sent successfully
2024-12-24 11:35:12 [INFO] Bytes received for packet specific: 17
2024-12-24 11:35:12 [INFO] Request sent successfully
2024-12-24 11:35:12 [INFO] Bytes received for packet specific: 17
2024-12-24 11:35:12 [INFO] Request sent successfully
2024-12-24 11:35:12 [INFO] Bytes received for packet specific: 17
2024-12-24 11:35:12 [INFO] Request sent successfully
2024-12-24 11:35:12 [INFO] Bytes received for packet specific: 17
2024-12-24 11:35:12 [INFO] JSON saved to market_data.json
2024-12-24 11:35:12 [INFO] Connection closed by server
2024-12-24 11:35:12 [INFO] Request sent successfully
2024-12-24 11:35:12 [INFO] Bytes received: 17
2024-12-24 11:35:12 [INFO] Bytes received: 51
2024-12-24 11:35:12 [INFO] Bytes received: 17
2024-12-24 11:35:12 [INFO] Bytes received: 17
2024-12-24 11:35:12 [INFO] Bytes received: 17
2024-12-24 11:35:12 [INFO] Bytes received: 17
2024-12-24 11:35:12 [INFO] Bytes received: 17
2024-12-24 11:35:12 [INFO] Bytes received: 17
2024-12-24 11:35:12 [INFO] Bytes received: 17
2024-12-24 11:35:12 [INFO] The size of the out queue 17
2024-12-24 11:35:12 [INFO] The size of the out queue 51
2024-12-24 11:35:12 [INFO] The size of the out queue 17
2024-12-24 11:35:12 [INFO] The size of the out queue 17
2024-12-24 11:35:12 [INFO] The size of the out queue 17
2024-12-24 11:35:12 [INFO] The size of the out queue 17
2024-12-24 11:35:12 [INFO] The size of the out queue 17
2024-12-24 11:35:12 [INFO] The size of the out queue 17
2024-12-24 11:35:12 [INFO] The size of the out queue 17
2024-12-24 11:35:12 [INFO] Request sent successfully
2024-12-24 11:35:12 [INFO] Bytes received for packet specific: 17
2024-12-24 11:35:12 [INFO] Request sent successfully
2024-12-24 11:35:12 [INFO] Bytes received for packet specific: 17
2024-12-24 11:35:12 [INFO] Request sent successfully
2024-12-24 11:35:12 [INFO] Bytes received for packet specific: 17
2024-12-24 11:35:12 [INFO] JSON saved to market_data.json
2024-12-24 11:35:12 [INFO] Connection closed by server
2024-12-24 11:35:12 [INFO] Request sent successfully
2024-12-24 11:35:12 [INFO] Bytes received: 17
2024-12-24 11:35:12 [INFO] Bytes received: 17
2024-12-24 11:35:12 [INFO] Bytes received: 17
2024-12-24 11:35:12 [INFO] Bytes received: 85
2024-12-24 11:35:12 [INFO] The size of the out queue 17
2024-12-24 11:35:12 [INFO] The size of the out queue 17
2024-12-24 11:35:12 [INFO] The size of the out queue 17
2024-12-24 11:35:12 [INFO] The size of the out queue 85
2024-12-24 11:35:12 [INFO] Request sent successfully
2024-12-24 11:35:12 [INFO] Bytes received for packet specific: 17
2024-12-24 11:35:12 [INFO] JSON saved to market_data.json
2024-12-24 11:35:12 [INFO] Connection closed by server
2024-12-24 11:35:13 [INFO] Request sent successfully
2024-12-24 11:35:13 [INFO] Bytes received: 17
2024-12-24 11:35:13 [INFO] Bytes received: 17
2024-12-24 11:35:13 [INFO] Bytes received: 17
2024-12-24 11:35:13 [INFO] Bytes received: 17
2024-12-24 11:35:13 [INFO] Bytes received: 34
2024-12-24 11:35:13 [INFO] Bytes received: 17
2024-12-24 11:35:13 [INFO] The size of the out queue 17
2024-12-24 11:35:13 [INFO] The size of the out queue 17
2024-12-24 11:35:13 [INFO] The size of the out queue 17
2024-12-24 11:35:13 [INFO] The size of the out queue 17
2024-12-24 11:35:13 [INFO] The size of the out queue 34
2024-12-24 11:35:13 [INFO] The size of the out queue 17
2024-12-24 11:35:13 [INFO] Request sent successfully
2024-12-24 11:35:13 [INFO] Bytes received for packet specific: 17
2024-12-24 11:35:13 [INFO] Request sent successfully
2024-12-24 11:35:13 [INFO] Bytes received for packet specific: 17
2024-12-24 11:35:13 [INFO] Request sent successfully
2024-12-24 11:35:13 [INFO] Bytes received for packet specific: 17
2024-12-24 11:35:13 [INFO] Request sent successfully
2024-12-24 11:35:13 [INFO] Bytes received for packet specific: 17
2024-12-24 11:35:13 [INFO] Request sent successfully
2024-12-24 11:35:13 [INFO] Bytes received for packet specific: 17
2024-12-24 11:35:13 [INFO] Request sent successfully
2024-12-24 11:35:13 [INFO] Bytes received for packet specific: 17
2024-12-24 11:35:13 [INFO] Request sent successfully
2024-12-24 11:35:13 [INFO] Bytes received for packet specific: 17
2024-12-24 11:35:13 [INFO] JSON saved to market_data.json
2024-12-24 11:35:13 [INFO] Connection closed by server
2024-12-24 11:35:15 [INFO] Request sent successfully
2024-12-24 11:35:15 [INFO] Bytes received: 17
2024-12-24 11:35:15 [INFO] Bytes received: 17
2024-12-24 11:35:15 [INFO] Bytes received: 17
2024-12-24 11:35:15 [INFO] Bytes received: 17
2024-12-24 11:35:15 [INFO] Bytes received: 34
2024-12-24 11:35:15 [INFO] Bytes received: 17
2024-12-24 11:35:15 [INFO] Bytes received: 34
2024-12-24 11:35:15 [INFO] Bytes received: 17
2024-12-24 11:35:15 [INFO] Bytes received: 17
2024-12-24 11:35:15 [INFO] Bytes received: 17
2024-12-24 11:35:15 [INFO] The size of the out queue 17
2024-12-24 11:35:15 [INFO] The size of the out queue 17
2024-12-24 11:35:15 [INFO] The size of the out queue 17
2024-12-24 11:35:15 [INFO] The size of the out queue 17
2024-12-24 11:35:15 [INFO] The size of the out queue 34
2024-12-24 11:35:15 [INFO] The size of the out queue 17
2024-12-24 11:35:15 [INFO] The size of the out queue 34
2024-12-24 11:35:15 [INFO] The size of the out queue 17
2024-12-24 11:35:15 [INFO] The size of the out queue 17
2024-12-24 11:35:15 [INFO] The size of the out queue 17
2024-12-24 11:35:15 [INFO] Request sent successfully
2024-12-24 11:35:15 [INFO] Bytes received for packet specific: 17
2024-12-24 11:35:15 [INFO] Request sent successfully
2024-12-24 11:35:15 [INFO] Bytes received for packet specific: 17
2024-12-24 11:35:15 [INFO] JSON saved to market_data.json
2024-12-24 11:35:15 [INFO] Connection closed by server
2024-12-24 11:35:15 [INFO] Request sent successfully
2024-12-24 11:35:15 [INFO] Bytes received: 17
2024-12-24 11:35:15 [INFO] Bytes received: 17
2024-12-24 11:35:15 [INFO] Bytes received: 17
2024-12-24 11:35:15 [INFO] Bytes received: 17
2024-12-24 11:35:15 [INFO] Bytes received: 17
2024-12-24 11:35:15 [INFO] Bytes received: 17
2024-12-24 11:35:15 [INFO] Bytes received: 17
2024-12-24 11:35:15 [INFO] Bytes received: 17
2024-12-24 11:35:15 [INFO] Bytes received: 17
2024-12-24 11:35:15 [INFO] Bytes received: 17
2024-12-24 11:35:15 [INFO] The size of the out queue 17
2024-12-24 11:35:15 [INFO] The size of the out queue 17
2024-12-24 11:35:15 [INFO] The size of the out queue 17
2024-12-24 11:35:15 [INFO] The size of the out queue 17
2024-12-24 11:35:15 [INFO] The size of the out queue 17
2024-12-24 11:35:15 [INFO] The size of the out queue 17
2024-12-24 11:35:15 [INFO] The size of the out queue 17
2024-12-24 11:35:15 [INFO] The size of the out queue 17
2024-12-24 11:35:15 [INFO] The size of the out queue 17
2024-12-24 11:35:15 [INFO] The size of the out queue 17
2024-12-24 11:35:15 [INFO] Request sent successfully
2024-12-24 11:35:15 [INFO] Bytes received for packet specific: 17
2024-12-24 11:35:15 [INFO] Request sent successfully
2024-12-24 11:35:15 [INFO] Bytes received for packet specific: 17
2024-12-24 11:35:15 [INFO] Request sent successfully
2024-12-24 11:35:15 [INFO] Bytes received for packet specific: 17
2024-12-24 11:35:15 [INFO] Request sent successfully
2024-12-24 11:35:15 [INFO] Bytes received for packet specific: 17
2024-12-24 11:35:15 [INFO] JSON saved to market_data.json
2024-12-24 11:35:15 [INFO] Connection closed by server
2024-12-24 11:35:16 [INFO] Request sent successfully
2024-12-24 11:35:16 [INFO] Bytes received: 34
2024-12-24 11:35:16 [INFO] Bytes received: 51
2024-12-24 11:35:16 [INFO] Bytes received: 34
2024-12-24 11:35:16 [INFO] Bytes received: 17
2024-12-24 11:35:16 [INFO] Bytes received: 17
2024-12-24 11:35:16 [INFO] Bytes received: 17
2024-12-24 11:35:16 [INFO] Bytes received: 17
2024-12-24 11:35:16 [INFO] The size of the out queue 34
2024-12-24 11:35:16 [INFO] The size of the out queue 51
2024-12-24 11:35:16 [INFO] The size of the out queue 34
2024-12-24 11:35:16 [INFO] The size of the out queue 17
2024-12-24 11:35:16 [INFO] The size of the out queue 17
2024-12-24 11:35:16 [INFO] The size of the out queue 17
2024-12-24 11:35:16 [INFO] The size of the out queue 17
2024-12-24 11:35:16 [INFO] Request sent successfully
2024-12-24 11:35:16 [INFO] Bytes received for packet specific: 17
2024-12-24 11:35:16 [INFO] Request sent successfully
2024-12-24 11:35:16 [INFO] Bytes received for packet specific: 17
2024-12-24 11:35:16 [INFO] JSON saved to market_data.json
2024-12-24 11:35:16 [INFO] Connection closed by server
2024-12-24 11:35:17 [INFO] Request sent successfully
2024-12-24 11:35:17 [INFO] Bytes received: 17
2024-12-24 11:35:17 [INFO] Bytes received: 17
2024-12-24 11:35:17 [INFO] Bytes received: 17
2024-12-24 11:35:17 [INFO] Bytes received: 17
2024-12-24 11:35:17 [INFO] Bytes received: 17
2024-12-24 11:35:17 [INFO] Bytes received: 17
2024-12-24 11:35:17 [INFO] Bytes received: 17
2024-12-24 11:35:17 [INFO] Bytes received: 17
2024-12-24 11:35:17 [INFO] Bytes received: 17
2024-12-24 11:35:17 [INFO] Bytes received: 17
2024-12-24 11:35:17 [INFO] Bytes received: 17
2024-12-24 11:35:17 [INFO] Bytes received: 17
2024-12-24 11:35:17 [INFO] Bytes received: 17
2024-12-24 11:35:17 [INFO] The size of the out queue 17
2024-12-24 11:35:17 [INFO] The size of the out queue 17
2024-12-24 11:35:17 [INFO] The size of the out queue 17
2024-12-24 11:35:17 [INFO] The size of the out queue 17
2024-12-24 11:35:17 [INFO] The size of the out queue 17
2024-12-24 11:35:17 [INFO] The size of the out queue 17
2024-12-24 11:35:17 [INFO] The size of the out queue 17
2024-12-24 11:35:17 [INFO] The size of the out queue 17
2024-12-24 11:35:17 [INFO] The size of the out queue 17
2024-12-24 11:35:17 [INFO] The size of the out queue 17
2024-12-24 11:35:17 [INFO] The size of the out queue 17
2024-12-24 11:35:17 [INFO] The size of the out queue 17
2024-12-24 11:35:17 [INFO] The size of the out queue 17
2024-12-24 11:35:17 [INFO] Request sent successfully
2024-12-24 11:35:17 [INFO] Bytes received for packet specific: 17
2024-12-24 11:35:17 [INFO] JSON saved to market_data.json
2024-12-24 11:35:17 [INFO] Connection closed by server
2024-12-24 11:35:17 [INFO] Request sent successfully
2024-12-24 11:35:17 [INFO] Bytes received: 17
2024-12-24 11:35:17 [INFO] Bytes received: 34
2024-12-24 11:35:17 [INFO] Bytes received: 17
2024-12-24 11:35:17 [INFO] Bytes received: 17
2024-12-24 11:35:17 [INFO] Bytes received: 17
2024-12-24 11:35:17 [INFO] Bytes received: 17
2024-12-24 11:35:17 [INFO] Bytes received: 17
2024-12-24 11:35:17 [INFO] The size of the out queue 17
2024-12-24 11:35:17 [INFO] The size of the out queue 34
2024-12-24 11:35:17 [INFO] The size of the out queue 17
2024-12-24 11:35:17 [INFO] The size of the out queue 17
2024-12-24 11:35:17 [INFO] The size of the out queue 17
2024-12-24 11:35:17 [INFO] The size of the out queue 17
2024-12-24 11:35:17 [INFO] The size of the out queue 17
2024-12-24 11:35:17 [INFO] Request sent successfully
2024-12-24 11:35:17 [INFO] Bytes received for packet specific: 17
2024-12-24 11:35:17 [INFO] Request sent successfully
2024-12-24 11:35:17 [INFO] Bytes received for packet specific: 17
2024-12-24 11:35:17 [INFO] Request sent successfully
2024-12-24 11:35:17 [INFO] Bytes received for packet specific: 17
2024-12-24 11:35:17 [INFO] Request sent successfully
2024-12-24 11:35:17 [INFO] Bytes received for packet specific: 17
2024-12-24 11:35:17 [INFO] Request sent successfully
2024-12-24 11:35:17 [INFO] Bytes received for packet specific: 17
2024-12-24 11:35:17 [INFO] Request sent successfully
2024-12-24 11:35:17 [INFO] Bytes received for packet specific: 17
2024-12-24 11:35:17 [INFO] JSON saved to market_data.json
2024-12-24 11:35:17 [INFO] Connection closed by server
2024-12-24 11:35:18 [INFO] Request sent successfully
2024-12-24 11:35:18 [INFO] Bytes received: 17
2024-12-24 11:35:18 [INFO] Bytes received: 17
2024-12-24 11:35:18 [INFO] Bytes received: 17
2024-12-24 11:35:18 [INFO] Bytes received: 17
2024-12-24 11:35:18 [INFO] Bytes received: 17
2024-12-24 11:35:18 [INFO] Bytes received: 17
2024-12-24 11:35:18 [INFO] Bytes received: 17
2024-12-24 11:35:18 [INFO] Bytes received: 17
2024-12-24 11:35:18 [INFO] Bytes received: 17
2024-12-24 11:35:18 [INFO] Bytes received: 17
2024-12-24 11:35:18 [INFO] Bytes received: 17
2024-12-24 11:35:18 [INFO] Bytes received: 17
2024-12-24 11:35:18 [INFO] Bytes received: 17
2024-12-24 11:35:18 [INFO] The size of the out queue 17
2024-12-24 11:35:18 [INFO] The size of the out queue 17
2024-12-24 11:35:18 [INFO] The size of the out queue 17
2024-12-24 11:35:18 [INFO] The size of the out queue 17
2024-12-24 11:35:18 [INFO] The size of the out queue 17
2024-12-24 11:35:18 [INFO] The size of the out queue 17
2024-12-24 11:35:18 [INFO] The size of the out queue 17
2024-12-24 11:35:18 [INFO] The size of the out queue 17
2024-12-24 11:35:18 [INFO] The size of the out queue 17
2024-12-24 11:35:18 [INFO] The size of the out queue 17
2024-12-24 11:35:18 [INFO] The size of the out queue 17
2024-12-24 11:35:18 [INFO] The size of the out queue 17
2024-12-24 11:35:18 [INFO] The size of the out queue 17
2024-12-24 11:35:18 [INFO] Request sent successfully
2024-12-24 11:35:18 [INFO] Bytes received for packet specific: 17
2024-12-24 11:35:18 [INFO] JSON saved to market_data.json
2024-12-24 11:35:18 [INFO] Connection closed by server
2024-12-24 11:35:18 [INFO] Request sent successfully
2024-12-24 11:35:18 [INFO] Bytes received: 17
2024-12-24 11:35:18 [INFO] Bytes received: 17
2024-12-24 11:35:18 [INFO] Bytes received: 17
2024-12-24 11:35:18 [INFO] Bytes received: 17
2024-12-24 11:35:18 [INFO] Bytes received: 17
2024-12-24 11:35:18 [INFO] Bytes received: 17
2024-12-24 11:35:18 [INFO] Bytes received: 17
2024-12-24 11:35:18 [INFO] Bytes received: 17
2024-12-24 11:35:18 [INFO] Bytes received: 17
2024-12-24 11:35:18 [INFO] Bytes received: 17
2024-12-24 11:35:18 [INFO] Bytes received: 17
2024-12-24 11:35:18 [INFO] Bytes received: 17
2024-12-24 11:35:18 [INFO] Bytes received: 17
2024-12-24 11:35:18 [INFO] The size of the out queue 17
2024-12-24 11:35:18 [INFO] The size of the out queue 17
2024-12-24 11:35:18 [INFO] The size of the out queue 17
2024-12-24 11:35:18 [INFO] The size of the out queue 17
2024-12-24 11:35:18 [INFO] The size of the out queue 17
2024-12-24 11:35:18 [INFO] The size of the out queue 17
2024-12-24 11:35:18 [INFO] The size of the out queue 17
2024-12-24 11:35:18 [INFO] The size of the out queue 17
2024-12-24 11:35:18 [INFO] The size of the out queue 17
2024-12-24 11:35:18 [INFO] The size of the out queue 17
2024-12-24 11:35:18 [INFO] The size of the out queue 17
2024-12-24 11:35:18 [INFO] The size of the out queue 17
2024-12-24 11:35:18 [INFO] The size of the out queue 17
2024-12-24 11:35:18 [INFO] Request sent successfully
2024-12-24 11:35:18 [INFO] Bytes received for packet specific: 17
2024-12-24 11:35:18 [INFO] JSON saved to market_data.json
2024-12-24 11:35:18 [INFO] Connection closed by server
2024-12-24 11:35:18 [INFO] Request sent successfully
2024-12-24 11:35:18 [INFO] Bytes received: 17
2024-12-24 11:35:18 [INFO] Bytes received: 17
2024-12-24 11:35:18 [INFO] Bytes received: 17
2024-12-24 11:35:18 [INFO] Bytes received: 17
2024-12-24 11:35:18 [INFO] Bytes received: 17
2024-12-24 11:35:18 [INFO] Bytes received: 17
2024-12-24 11:35:18 [INFO] Bytes received: 17
2024-12-24 11:35:18 [INFO] Bytes received: 17
2024-12-24 11:35:18 [INFO] Bytes received: 17
2024-12-24 11:35:18 [INFO] Bytes received: 17
2024-12-24 11:35:18 [INFO] Bytes received: 17
2024-12-24 11:35:18 [INFO] The size of the out queue 17
2024-12-24 11:35:18 [INFO] The size of the out queue 17
2024-12-24 11:35:18 [INFO] The size of the out queue 17
2024-12-24 11:35:18 [INFO] The size of the out queue 17
2024-12-24 11:35:18 [INFO] The size of the out queue 17
2024-12-24 11:35:18 [INFO] The size of the out queue 17
2024-12-24 11:35:18 [INFO] The size of the out queue 17
2024-12-24 11:35:18 [INFO] The size of the out queue 17
2024-12-24 11:35:18 [INFO] The size of the out queue 17
2024-12-24 11:35:18 [INFO] The size of the out queue 17
2024-12-24 11:35:18 [INFO] The size of the out queue 17
2024-12-24 11:35:18 [INFO] Request sent successfully
2024-12-24 11:35:18 [INFO] Bytes received for packet specific: 17
2024-12-24 11:35:18 [INFO] Request sent successfully
2024-12-24 11:35:18 [INFO] Bytes received for packet specific: 17
2024-12-24 11:35:18 [INFO] Request sent successfully
2024-12-24 11:35:18 [INFO] Bytes received for packet specific: 17
2024-12-24 11:35:18 [INFO] JSON saved to market_data.json
2024-12-24 11:35:18 [INFO] Connection closed by server
2024-12-24 11:35:19 [INFO] Request sent successfully
2024-12-24 11:35:19 [INFO] Bytes received: 17
2024-12-24 11:35:19 [INFO] Bytes received: 34
2024-12-24 11:35:19 [INFO] Bytes received: 17
2024-12-24 11:35:19 [INFO] Bytes received: 17
2024-12-24 11:35:19 [INFO] Bytes received: 17
2024-12-24 11:35:19 [INFO] Bytes received: 17
2024-12-24 11:35:19 [INFO] Bytes received: 17
2024-12-24 11:35:19 [INFO] Bytes received: 17
2024-12-24 11:35:19 [INFO] Bytes received: 17
2024-12-24 11:35:19 [INFO] Bytes received: 17
2024-12-24 11:35:19 [INFO] Bytes received: 17
2024-12-24 11:35:19 [INFO] Bytes received: 17
2024-12-24 11:35:19 [INFO] The size of the out queue 17
2024-12-24 11:35:19 [INFO] The size of the out queue 34
2024-12-24 11:35:19 [INFO] The size of the out queue 17
2024-12-24 11:35:19 [INFO] The size of the out queue 17
2024-12-24 11:35:19 [INFO] The size of the out queue 17
2024-12-24 11:35:19 [INFO] The size of the out queue 17
2024-12-24 11:35:19 [INFO] The size of the out queue 17
2024-12-24 11:35:19 [INFO] The size of the out queue 17
2024-12-24 11:35:19 [INFO] The size of the out queue 17
2024-12-24 11:35:19 [INFO] The size of the out queue 17
2024-12-24 11:35:19 [INFO] The size of the out queue 17
2024-12-24 11:35:19 [INFO] The size of the out queue 17
2024-12-24 11:35:19 [INFO] Request sent successfully
2024-12-24 11:35:19 [INFO] Bytes received for packet specific: 17
2024-12-24 11:35:19 [INFO] JSON saved to market_data.json
2024-12-24 11:35:19 [INFO] Connection closed by server
2024-12-24 11:35:19 [INFO] Request sent successfully
2024-12-24 11:35:19 [INFO] Bytes received: 17
2024-12-24 11:35:19 [INFO] Bytes received: 17
2024-12-24 11:35:19 [INFO] Bytes received: 17
2024-12-24 11:35:19 [INFO] Bytes received: 17
2024-12-24 11:35:19 [INFO] Bytes received: 17
2024-12-24 11:35:19 [INFO] Bytes received: 17
2024-12-24 11:35:19 [INFO] Bytes received: 17
2024-12-24 11:35:19 [INFO] Bytes received: 17
2024-12-24 11:35:19 [INFO] Bytes received: 17
2024-12-24 11:35:19 [INFO] Bytes received: 17
2024-12-24 11:35:19 [INFO] Bytes received: 17
2024-12-24 11:35:19 [INFO] Bytes received: 17
2024-12-24 11:35:19 [INFO] Bytes received: 17
2024-12-24 11:35:19 [INFO] The size of the out queue 17
2024-12-24 11:35:19 [INFO] The size of the out queue 17
2024-12-24 11:35:19 [INFO] The size of the out queue 17
2024-12-24 11:35:19 [INFO] The size of the out queue 17
2024-12-24 11:35:19 [INFO] The size of the out queue 17
2024-12-24 11:35:19 [INFO] The size of the out queue 17
2024-12-24 11:35:19 [INFO] The size of the out queue 17
2024-12-24 11:35:19 [INFO] The size of the out queue 17
2024-12-24 11:35:19 [INFO] The size of the out queue 17
2024-12-24 11:35:19 [INFO] The size of the out queue 17
2024-12-24 11:35:19 [INFO] The size of the out queue 17
2024-12-24 11:35:19 [INFO] The size of the out queue 17
2024-12-24 11:35:19 [INFO] The size of the out queue 17
2024-12-24 11:35:19 [INFO] Request sent successfully
2024-12-24 11:35:19 [INFO] Bytes received for packet specific: 17
2024-12-24 11:35:19 [INFO] JSON saved to market_data.json
2024-12-24 11:35:19 [INFO] Connection closed by server
2024-12-24 11:38:16 [INFO] Request sent successfully
2024-12-24 11:38:16 [INFO] Bytes received: 17
2024-12-24 11:38:16 [INFO] Bytes received: 17
2024-12-24 11:38:16 [INFO] Bytes received: 17
2024-12-24 11:38:16 [INFO] Bytes received: 17
2024-12-24 11:38:16 [INFO] Bytes received: 17
2024-12-24 11:38:16 [INFO] Bytes received: 17
2024-12-24 11:38:16 [INFO] Bytes received: 17
2024-12-24 11:38:16 [INFO] Bytes received: 17
2024-12-24 11:38:16 [INFO] Bytes received: 17
2024-12-24 11:38:16 [INFO] Bytes received: 17
2024-12-24 11:38:16 [INFO] Bytes received: 17
2024-12-24 11:38:16 [INFO] The size of the out queue 17
2024-12-24 11:38:16 [INFO] The size of the out queue 17
2024-12-24 11:38:16 [INFO] The size of the out queue 17
2024-12-24 11:38:16 [INFO] The size of the out queue 17
2024-12-24 11:38:16 [INFO] The size of the out queue 17
2024-12-24 11:38:16 [INFO] The size of the out queue 17
2024-12-24 11:38:16 [INFO] The size of the out queue 17
2024-12-24 11:38:16 [INFO] The size of the out queue 17
2024-12-24 11:38:16 [INFO] The size of the out queue 17
2024-12-24 11:38:16 [INFO] The size of the out queue 17
2024-12-24 11:38:16 [INFO] The size of the out queue 17
2024-12-24 11:38:16 [INFO] Request sent successfully
2024-12-24 11:38:16 [INFO] Bytes received for packet specific: 17
2024-12-24 11:38:16 [INFO] Request sent successfully
2024-12-24 11:38:16 [INFO] Bytes received for packet specific: 17
2024-12-24 11:38:16 [INFO] JSON saved to market_data.json
2024-12-24 11:38:16 [INFO] Connection closed by server
2024-12-24 11:38:17 [INFO] Request sent successfully
2024-12-24 11:38:17 [INFO] Bytes received: 17
2024-12-24 11:38:17 [INFO] Bytes received: 17
2024-12-24 11:38:17 [INFO] Bytes received: 17
2024-12-24 11:38:17 [INFO] Bytes received: 17
2024-12-24 11:38:17 [INFO] Bytes received: 17
2024-12-24 11:38:17 [INFO] Bytes received: 17
2024-12-24 11:38:17 [INFO] Bytes received: 34
2024-12-24 11:38:17 [INFO] Bytes received: 17
2024-12-24 11:38:17 [INFO] The size of the out queue 17
2024-12-24 11:38:17 [INFO] The size of the out queue 17
2024-12-24 11:38:17 [INFO] The size of the out queue 17
2024-12-24 11:38:17 [INFO] The size of the out queue 17
2024-12-24 11:38:17 [INFO] The size of the out queue 17
2024-12-24 11:38:17 [INFO] The size of the out queue 17
2024-12-24 11:38:17 [INFO] The size of the out queue 34
2024-12-24 11:38:17 [INFO] The size of the out queue 17
2024-12-24 11:38:17 [INFO] Request sent successfully
2024-12-24 11:38:17 [INFO] Bytes received for packet specific: 17
2024-12-24 11:38:17 [INFO] Request sent successfully
2024-12-24 11:38:17 [INFO] Bytes received for packet specific: 17
2024-12-24 11:38:17 [INFO] Request sent successfully
2024-12-24 11:38:17 [INFO] Bytes received for packet specific: 17
2024-12-24 11:38:17 [INFO] Request sent successfully
2024-12-24 11:38:17 [INFO] Bytes received for packet specific: 17
2024-12-24 11:38:17 [INFO] Request sent successfully
2024-12-24 11:38:17 [INFO] Bytes received for packet specific: 17
2024-12-24 11:38:17 [INFO] JSON saved to market_data.json
2024-12-24 11:38:17 [INFO] Connection closed by server
2024-12-24 11:38:17 [INFO] Request sent successfully
2024-12-24 11:38:17 [INFO] Bytes received: 34
2024-12-24 11:38:17 [INFO] Bytes received: 51
2024-12-24 11:38:17 [INFO] Bytes received: 34
2024-12-24 11:38:17 [INFO] Bytes received: 17
2024-12-24 11:38:17 [INFO] Bytes received: 17
2024-12-24 11:38:17 [INFO] Bytes received: 34
2024-12-24 11:38:17 [INFO] The size of the out queue 34
2024-12-24 11:38:17 [INFO] The size of the out queue 51
2024-12-24 11:38:17 [INFO] The size of the out queue 34
2024-12-24 11:38:17 [INFO] The size of the out queue 17
2024-12-24 11:38:17 [INFO] The size of the out queue 17
2024-12-24 11:38:17 [INFO] The size of the out queue 34
2024-12-24 11:38:17 [INFO] Request sent successfully
2024-12-24 11:38:17 [INFO] Bytes received for packet specific: 17
2024-12-24 11:38:17 [INFO] Request sent successfully
2024-12-24 11:38:17 [INFO] Bytes received for packet specific: 17
2024-12-24 11:38:17 [INFO] JSON saved to market_data.json
2024-12-24 11:38:17 [INFO] Connection closed by server
2024-12-24 11:38:18 [INFO] Request sent successfully
2024-12-24 11:38:18 [INFO] Bytes received: 17
2024-12-24 11:38:18 [INFO] Bytes received: 17
2024-12-24 11:38:18 [INFO] Bytes received: 17
2024-12-24 11:38:18 [INFO] Bytes received: 17
2024-12-24 11:38:18 [INFO] Bytes received: 17
2024-12-24 11:38:18 [INFO] Bytes received: 17
2024-12-24 11:38:18 [INFO] Bytes received: 17
2024-12-24 11:38:18 [INFO] Bytes received: 17
2024-12-24 11:38:18 [INFO] Bytes received: 17
2024-12-24 11:38:18 [INFO] The size of the out queue 17
2024-12-24 11:38:18 [INFO] The size of the out queue 17
2024-12-24 11:38:18 [INFO] The size of the out queue 17
2024-12-24 11:38:18 [INFO] The size of the out queue 17
2024-12-24 11:38:18 [INFO] The size of the out queue 17
2024-12-24 11:38:18 [INFO] The size of the out queue 17
2024-12-24 11:38:18 [INFO] The size of the out queue 17
2024-12-24 11:38:18 [INFO] The size of the out queue 17
2024-12-24 11:38:18 [INFO] The size of the out queue 17
2024-12-24 11:38:18 [INFO] Request sent successfully
2024-12-24 11:38:18 [INFO] Bytes received for packet specific: 17
2024-12-24 11:38:18 [INFO] Request sent successfully
2024-12-24 11:38:18 [INFO] Bytes received for packet specific: 17
2024-12-24 11:38:18 [INFO] Request sent successfully
2024-12-24 11:38:18 [INFO] Bytes received for packet specific: 17
2024-12-24 11:38:18 [INFO] Request sent successfully
2024-12-24 11:38:18 [INFO] Bytes received for packet specific: 17
2024-12-24 11:38:18 [INFO] Request sent successfully
2024-12-24 11:38:18 [INFO] Bytes received for packet specific: 17
2024-12-24 11:38:18 [INFO] JSON saved to market_data.json
2024-12-24 11:38:18 [INFO] Connection closed by server
2024-12-24 11:38:18 [INFO] Request sent successfully
2024-12-24 11:38:18 [INFO] Bytes received: 17
2024-12-24 11:38:18 [INFO] Bytes received: 51
2024-12-24 11:38:18 [INFO] Bytes received: 17
2024-12-24 11:38:18 [INFO] Bytes received: 17
2024-12-24 11:38:18 [INFO] Bytes received: 17
2024-12-24 11:38:18 [INFO] Bytes received: 51
2024-12-24 11:38:18 [INFO] Bytes received: 17
2024-12-24 11:38:18 [INFO] The size of the out queue 17
2024-12-24 11:38:18 [INFO] The size of the out queue 51
2024-12-24 11:38:18 [INFO] The size of the out queue 17
2024-12-24 11:38:18 [INFO] The size of the out queue 17
2024-12-24 11:38:18 [INFO] The size of the out queue 17
2024-12-24 11:38:18 [INFO] The size of the out queue 51
2024-12-24 11:38:18 [INFO] The size of the out queue 17
2024-12-24 11:38:18 [INFO] Request sent successfully
2024-12-24 11:38:18 [INFO] Bytes received for packet specific: 17
2024-12-24 11:38:18 [INFO] Request sent successfully
2024-12-24 11:38:18 [INFO] Bytes received for packet specific: 17
2024-12-24 11:38:18 [INFO] Request sent successfully
2024-12-24 11:38:18 [INFO] Bytes received for packet specific: 17
2024-12-24 11:38:18 [INFO] JSON saved to market_data.json
2024-12-24 11:38:18 [INFO] Connection closed by server
2024-12-24 11:38:19 [INFO] Request sent successfully
2024-12-24 11:38:19 [INFO] Bytes received: 17
2024-12-24 11:38:19 [INFO] Bytes received: 51
2024-12-24 11:38:19 [INFO] Bytes received: 17
2024-12-24 11:38:19 [INFO] Bytes received: 17
2024-12-24 11:38:19 [INFO] Bytes received: 17
2024-12-24 11:38:19 [INFO] Bytes received: 17
2024-12-24 11:38:19 [INFO] Bytes received: 17
2024-12-24 11:38:19 [INFO] The size of the out queue 17
2024-12-24 11:38:19 [INFO] The size of the out queue 51
2024-12-24 11:38:19 [INFO] The size of the out queue 17
2024-12-24 11:38:19 [INFO] The size of the out queue 17
2024-12-24 11:38:19 [INFO] The size of the out queue 17
2024-12-24 11:38:19 [INFO] The size of the out queue 17
2024-12-24 11:38:19 [INFO] The size of the out queue 17
2024-12-24 11:38:19 [INFO] Request sent successfully
2024-12-24 11:38:19 [INFO] Bytes received for packet specific: 17
2024-12-24 11:38:19 [INFO] Request sent successfully
2024-12-24 11:38:19 [INFO] Bytes received for packet specific: 17
2024-12-24 11:38:19 [INFO] Request sent successfully
2024-12-24 11:38:19 [INFO] Bytes received for packet specific: 17
2024-12-24 11:38:19 [INFO] Request sent successfully
2024-12-24 11:38:19 [INFO] Bytes received for packet specific: 17
2024-12-24 11:38:19 [INFO] Request sent successfully
2024-12-24 11:38:19 [INFO] Bytes received for packet specific: 17
2024-12-24 11:38:19 [INFO] JSON saved to market_data.json
2024-12-24 11:38:19 [INFO] Connection closed by server
2024-12-24 11:38:29 [INFO] Request sent successfully
2024-12-24 11:38:29 [INFO] Bytes received: 17
2024-12-24 11:38:29 [INFO] Bytes received: 17
2024-12-24 11:38:29 [INFO] Bytes received: 17
2024-12-24 11:38:29 [INFO] Bytes received: 17
2024-12-24 11:38:29 [INFO] Bytes received: 17
2024-12-24 11:38:29 [INFO] Bytes received: 17
2024-12-24 11:38:29 [INFO] Bytes received: 17
2024-12-24 11:38:29 [INFO] Bytes received: 17
2024-12-24 11:38:29 [INFO] Bytes received: 51
2024-12-24 11:38:29 [INFO] The size of the out queue 17
2024-12-24 11:38:29 [INFO] The size of the out queue 17
2024-12-24 11:38:29 [INFO] The size of the out queue 17
2024-12-24 11:38:29 [INFO] The size of the out queue 17
2024-12-24 11:38:29 [INFO] The size of the out queue 17
2024-12-24 11:38:29 [INFO] The size of the out queue 17
2024-12-24 11:38:29 [INFO] The size of the out queue 17
2024-12-24 11:38:29 [INFO] The size of the out queue 17
2024-12-24 11:38:29 [INFO] The size of the out queue 51
2024-12-24 11:38:29 [INFO] Request sent successfully
2024-12-24 11:38:29 [INFO] Bytes received for packet specific: 17
2024-12-24 11:38:29 [INFO] Request sent successfully
2024-12-24 11:38:29 [INFO] Bytes received for packet specific: 17
2024-12-24 11:38:29 [INFO] Request sent successfully
2024-12-24 11:38:29 [INFO] Bytes received for packet specific: 17
2024-12-24 11:38:29 [INFO] JSON saved to market_data.json
2024-12-24 11:38:29 [INFO] Connection closed by server
2024-12-24 11:38:30 [INFO] Request sent successfully
2024-12-24 11:38:30 [INFO] Bytes received: 17
2024-12-24 11:38:30 [INFO] Bytes received: 34
2024-12-24 11:38:30 [INFO] Bytes received: 17
2024-12-24 11:38:30 [INFO] Bytes received: 17
2024-12-24 11:38:30 [INFO] Bytes received: 17
2024-12-24 11:38:30 [INFO] Bytes received: 17
2024-12-24 11:38:30 [INFO] Bytes received: 17
2024-12-24 11:38:30 [INFO] Bytes received: 17
2024-12-24 11:38:30 [INFO] Bytes received: 17
2024-12-24 11:38:30 [INFO] Bytes received: 17
2024-12-24 11:38:30 [INFO] Bytes received: 17
2024-12-24 11:38:30 [INFO] Bytes received: 17
2024-12-24 11:38:30 [INFO] The size of the out queue 17
2024-12-24 11:38:30 [INFO] The size of the out queue 34
2024-12-24 11:38:30 [INFO] The size of the out queue 17
2024-12-24 11:38:30 [INFO] The size of the out queue 17
2024-12-24 11:38:30 [INFO] The size of the out queue 17
2024-12-24 11:38:30 [INFO] The size of the out queue 17
2024-12-24 11:38:30 [INFO] The size of the out queue 17
2024-12-24 11:38:30 [INFO] The size of the out queue 17
2024-12-24 11:38:30 [INFO] The size of the out queue 17
2024-12-24 11:38:30 [INFO] The size of the out queue 17
2024-12-24 11:38:30 [INFO] The size of the out queue 17
2024-12-24 11:38:30 [INFO] The size of the out queue 17
2024-12-24 11:38:30 [INFO] Request sent successfully
2024-12-24 11:38:30 [INFO] Bytes received for packet specific: 17
2024-12-24 11:38:30 [INFO] JSON saved to market_data.json
2024-12-24 11:38:30 [INFO] Connection closed by server
2024-12-24 11:38:30 [INFO] Request sent successfully
2024-12-24 11:38:30 [INFO] Bytes received: 17
2024-12-24 11:38:30 [INFO] Bytes received: 17
2024-12-24 11:38:30 [INFO] Bytes received: 17
2024-12-24 11:38:30 [INFO] Bytes received: 17
2024-12-24 11:38:30 [INFO] Bytes received: 17
2024-12-24 11:38:30 [INFO] Bytes received: 17
2024-12-24 11:38:30 [INFO] Bytes received: 17
2024-12-24 11:38:30 [INFO] Bytes received: 17
2024-12-24 11:38:30 [INFO] Bytes received: 17
2024-12-24 11:38:30 [INFO] Bytes received: 17
2024-12-24 11:38:30 [INFO] Bytes received: 17
2024-12-24 11:38:30 [INFO] Bytes received: 17
2024-12-24 11:38:30 [INFO] The size of the out queue 17
2024-12-24 11:38:30 [INFO] The size of the out queue 17
2024-12-24 11:38:30 [INFO] The size of the out queue 17
2024-12-24 11:38:30 [INFO] The size of the out queue 17
2024-12-24 11:38:30 [INFO] The size of the out queue 17
2024-12-24 11:38:30 [INFO] The size of the out queue 17
2024-12-24 11:38:30 [INFO] The size of the out queue 17
2024-12-24 11:38:30 [INFO] The size of the out queue 17
2024-12-24 11:38:30 [INFO] The size of the out queue 17
2024-12-24 11:38:30 [INFO] The size of the out queue 17
2024-12-24 11:38:30 [INFO] The size of the out queue 17
2024-12-24 11:38:30 [INFO] The size of the out queue 17
2024-12-24 11:38:30 [INFO] Request sent successfully
2024-12-24 11:38:30 [INFO] Bytes received for packet specific: 17
2024-12-24 11:38:30 [INFO] Request sent successfully
2024-12-24 11:38:30 [INFO] Bytes received for packet specific: 17
2024-12-24 11:38:30 [INFO] JSON saved to market_data.json
2024-12-24 11:38:30 [INFO] Connection closed by server
